{"C:\\University\\books_front_react\\src\\App.jsx": {"path":"C:\\University\\books_front_react\\src\\App.jsx","statementMap":{"0":{"start":{"line":22,"column":28},"end":{"line":22,"column":66}},"1":{"start":{"line":23,"column":42},"end":{"line":23,"column":54}},"2":{"start":{"line":25,"column":24},"end":{"line":27,"column":5}},"3":{"start":{"line":26,"column":8},"end":{"line":26,"column":46}},"4":{"start":{"line":29,"column":20},"end":{"line":29,"column":49}},"5":{"start":{"line":30,"column":28},"end":{"line":30,"column":34}},"6":{"start":{"line":32,"column":4},"end":{"line":92,"column":6}}},"fnMap":{"0":{"name":"App","decl":{"start":{"line":21,"column":9},"end":{"line":21,"column":12}},"loc":{"start":{"line":21,"column":15},"end":{"line":93,"column":1}},"line":21},"1":{"name":"(anonymous_1)","decl":{"start":{"line":25,"column":24},"end":{"line":25,"column":25}},"loc":{"start":{"line":25,"column":30},"end":{"line":27,"column":5}},"line":25}},"branchMap":{"0":{"loc":{"start":{"line":29,"column":20},"end":{"line":29,"column":49}},"type":"binary-expr","locations":[{"start":{"line":29,"column":20},"end":{"line":29,"column":24}},{"start":{"line":29,"column":28},"end":{"line":29,"column":49}}],"line":29},"1":{"loc":{"start":{"line":36,"column":25},"end":{"line":36,"column":60}},"type":"cond-expr","locations":[{"start":{"line":36,"column":43},"end":{"line":36,"column":50}},{"start":{"line":36,"column":53},"end":{"line":36,"column":60}}],"line":36},"2":{"loc":{"start":{"line":45,"column":33},"end":{"line":47,"column":65}},"type":"cond-expr","locations":[{"start":{"line":46,"column":30},"end":{"line":46,"column":64}},{"start":{"line":47,"column":30},"end":{"line":47,"column":65}}],"line":45},"3":{"loc":{"start":{"line":51,"column":33},"end":{"line":53,"column":68}},"type":"cond-expr","locations":[{"start":{"line":52,"column":30},"end":{"line":52,"column":57}},{"start":{"line":53,"column":30},"end":{"line":53,"column":68}}],"line":51},"4":{"loc":{"start":{"line":51,"column":34},"end":{"line":51,"column":61}},"type":"binary-expr","locations":[{"start":{"line":51,"column":34},"end":{"line":51,"column":49}},{"start":{"line":51,"column":53},"end":{"line":51,"column":61}}],"line":51},"5":{"loc":{"start":{"line":57,"column":33},"end":{"line":59,"column":62}},"type":"cond-expr","locations":[{"start":{"line":58,"column":30},"end":{"line":58,"column":45}},{"start":{"line":59,"column":30},"end":{"line":59,"column":62}}],"line":57},"6":{"loc":{"start":{"line":63,"column":33},"end":{"line":65,"column":57}},"type":"cond-expr","locations":[{"start":{"line":64,"column":30},"end":{"line":64,"column":43}},{"start":{"line":65,"column":30},"end":{"line":65,"column":57}}],"line":63},"7":{"loc":{"start":{"line":69,"column":33},"end":{"line":71,"column":57}},"type":"cond-expr","locations":[{"start":{"line":70,"column":30},"end":{"line":70,"column":46}},{"start":{"line":71,"column":30},"end":{"line":71,"column":57}}],"line":69},"8":{"loc":{"start":{"line":75,"column":33},"end":{"line":77,"column":57}},"type":"cond-expr","locations":[{"start":{"line":76,"column":30},"end":{"line":76,"column":45}},{"start":{"line":77,"column":30},"end":{"line":77,"column":57}}],"line":75}},"s":{"0":1,"1":1,"2":1,"3":0,"4":1,"5":1,"6":1},"f":{"0":1,"1":0},"b":{"0":[1,0],"1":[0,1],"2":[0,1],"3":[0,1],"4":[1,0],"5":[0,1],"6":[0,1],"7":[0,1],"8":[0,1]},"_coverageSchema":"1a1c01bbd47fc00a2c39e90264f33305004495a9","hash":"7661cf727f024ab205f1f46e492163c29e6d2527"}
,"C:\\University\\books_front_react\\src\\components\\BookCard.jsx": {"path":"C:\\University\\books_front_react\\src\\components\\BookCard.jsx","statementMap":{"0":{"start":{"line":9,"column":17},"end":{"line":9,"column":45}},"1":{"start":{"line":11,"column":28},"end":{"line":26,"column":5}},"2":{"start":{"line":12,"column":8},"end":{"line":12,"column":27}},"3":{"start":{"line":13,"column":8},"end":{"line":13,"column":28}},"4":{"start":{"line":15,"column":8},"end":{"line":18,"column":9}},"5":{"start":{"line":16,"column":12},"end":{"line":16,"column":81}},"6":{"start":{"line":17,"column":12},"end":{"line":17,"column":19}},"7":{"start":{"line":20,"column":8},"end":{"line":25,"column":9}},"8":{"start":{"line":21,"column":12},"end":{"line":21,"column":58}},"9":{"start":{"line":22,"column":12},"end":{"line":22,"column":67}},"10":{"start":{"line":24,"column":12},"end":{"line":24,"column":63}},"11":{"start":{"line":28,"column":4},"end":{"line":51,"column":6}},"12":{"start":{"line":54,"column":0},"end":{"line":62,"column":2}}},"fnMap":{"0":{"name":"BookCard","decl":{"start":{"line":8,"column":9},"end":{"line":8,"column":17}},"loc":{"start":{"line":8,"column":28},"end":{"line":52,"column":1}},"line":8},"1":{"name":"(anonymous_1)","decl":{"start":{"line":11,"column":28},"end":{"line":11,"column":29}},"loc":{"start":{"line":11,"column":41},"end":{"line":26,"column":5}},"line":11}},"branchMap":{"0":{"loc":{"start":{"line":15,"column":8},"end":{"line":18,"column":9}},"type":"if","locations":[{"start":{"line":15,"column":8},"end":{"line":18,"column":9}},{"start":{},"end":{}}],"line":15}},"s":{"0":22,"1":22,"2":3,"3":3,"4":3,"5":1,"6":1,"7":2,"8":2,"9":1,"10":1,"11":22,"12":4},"f":{"0":22,"1":3},"b":{"0":[1,2]},"_coverageSchema":"1a1c01bbd47fc00a2c39e90264f33305004495a9","hash":"04a4686c0583bcaa9ade9c2ec4741be0e76605d2"}
,"C:\\University\\books_front_react\\src\\components\\Header.jsx": {"path":"C:\\University\\books_front_react\\src\\components\\Header.jsx","statementMap":{"0":{"start":{"line":7,"column":44},"end":{"line":7,"column":59}},"1":{"start":{"line":8,"column":30},"end":{"line":8,"column":42}},"2":{"start":{"line":10,"column":21},"end":{"line":10,"column":34}},"3":{"start":{"line":11,"column":17},"end":{"line":11,"column":45}},"4":{"start":{"line":12,"column":20},"end":{"line":12,"column":49}},"5":{"start":{"line":13,"column":24},"end":{"line":13,"column":52}},"6":{"start":{"line":15,"column":4},"end":{"line":21,"column":38}},"7":{"start":{"line":16,"column":8},"end":{"line":16,"column":31}},"8":{"start":{"line":17,"column":8},"end":{"line":17,"column":21}},"9":{"start":{"line":18,"column":8},"end":{"line":20,"column":9}},"10":{"start":{"line":19,"column":12},"end":{"line":19,"column":25}},"11":{"start":{"line":23,"column":31},"end":{"line":29,"column":5}},"12":{"start":{"line":24,"column":26},"end":{"line":24,"column":34}},"13":{"start":{"line":25,"column":8},"end":{"line":25,"column":24}},"14":{"start":{"line":26,"column":8},"end":{"line":28,"column":9}},"15":{"start":{"line":27,"column":12},"end":{"line":27,"column":28}},"16":{"start":{"line":31,"column":4},"end":{"line":106,"column":6}},"17":{"start":{"line":53,"column":43},"end":{"line":53,"column":73}},"18":{"start":{"line":109,"column":0},"end":{"line":111,"column":2}}},"fnMap":{"0":{"name":"Header","decl":{"start":{"line":6,"column":9},"end":{"line":6,"column":15}},"loc":{"start":{"line":6,"column":30},"end":{"line":107,"column":1}},"line":6},"1":{"name":"(anonymous_1)","decl":{"start":{"line":15,"column":14},"end":{"line":15,"column":15}},"loc":{"start":{"line":15,"column":20},"end":{"line":21,"column":5}},"line":15},"2":{"name":"(anonymous_2)","decl":{"start":{"line":23,"column":31},"end":{"line":23,"column":32}},"loc":{"start":{"line":23,"column":38},"end":{"line":29,"column":5}},"line":23},"3":{"name":"(anonymous_3)","decl":{"start":{"line":53,"column":37},"end":{"line":53,"column":38}},"loc":{"start":{"line":53,"column":43},"end":{"line":53,"column":73}},"line":53}},"branchMap":{"0":{"loc":{"start":{"line":12,"column":20},"end":{"line":12,"column":49}},"type":"binary-expr","locations":[{"start":{"line":12,"column":20},"end":{"line":12,"column":24}},{"start":{"line":12,"column":28},"end":{"line":12,"column":49}}],"line":12},"1":{"loc":{"start":{"line":13,"column":24},"end":{"line":13,"column":52}},"type":"cond-expr","locations":[{"start":{"line":13,"column":31},"end":{"line":13,"column":41}},{"start":{"line":13,"column":44},"end":{"line":13,"column":52}}],"line":13},"2":{"loc":{"start":{"line":18,"column":8},"end":{"line":20,"column":9}},"type":"if","locations":[{"start":{"line":18,"column":8},"end":{"line":20,"column":9}},{"start":{},"end":{}}],"line":18},"3":{"loc":{"start":{"line":26,"column":8},"end":{"line":28,"column":9}},"type":"if","locations":[{"start":{"line":26,"column":8},"end":{"line":28,"column":9}},{"start":{},"end":{}}],"line":26},"4":{"loc":{"start":{"line":41,"column":25},"end":{"line":49,"column":25}},"type":"binary-expr","locations":[{"start":{"line":41,"column":25},"end":{"line":41,"column":37}},{"start":{"line":42,"column":28},"end":{"line":48,"column":30}}],"line":41},"5":{"loc":{"start":{"line":79,"column":21},"end":{"line":83,"column":21}},"type":"binary-expr","locations":[{"start":{"line":79,"column":21},"end":{"line":79,"column":28}},{"start":{"line":80,"column":24},"end":{"line":82,"column":29}}],"line":79},"6":{"loc":{"start":{"line":84,"column":21},"end":{"line":88,"column":21}},"type":"binary-expr","locations":[{"start":{"line":84,"column":21},"end":{"line":84,"column":28}},{"start":{"line":85,"column":24},"end":{"line":87,"column":29}}],"line":84}},"s":{"0":14,"1":14,"2":14,"3":14,"4":14,"5":14,"6":14,"7":6,"8":6,"9":6,"10":6,"11":14,"12":2,"13":2,"14":2,"15":2,"16":14,"17":3,"18":1},"f":{"0":14,"1":6,"2":2,"3":3},"b":{"0":[14,2],"1":[2,12],"2":[6,0],"3":[2,0],"4":[14,7],"5":[14,1],"6":[14,1]},"_coverageSchema":"1a1c01bbd47fc00a2c39e90264f33305004495a9","hash":"af4be0f94b56aad1dab50616ce25be6bd9c8d56c"}
,"C:\\University\\books_front_react\\src\\pages\\AddBookPage.jsx": {"path":"C:\\University\\books_front_react\\src\\pages\\AddBookPage.jsx","statementMap":{"0":{"start":{"line":7,"column":21},"end":{"line":7,"column":34}},"1":{"start":{"line":9,"column":36},"end":{"line":19,"column":6}},"2":{"start":{"line":21,"column":25},"end":{"line":29,"column":5}},"3":{"start":{"line":24,"column":12},"end":{"line":24,"column":20}},"4":{"start":{"line":25,"column":8},"end":{"line":28,"column":12}},"5":{"start":{"line":25,"column":31},"end":{"line":28,"column":9}},"6":{"start":{"line":31,"column":25},"end":{"line":40,"column":5}},"7":{"start":{"line":32,"column":8},"end":{"line":32,"column":27}},"8":{"start":{"line":33,"column":8},"end":{"line":39,"column":9}},"9":{"start":{"line":34,"column":12},"end":{"line":34,"column":51}},"10":{"start":{"line":35,"column":12},"end":{"line":35,"column":65}},"11":{"start":{"line":36,"column":12},"end":{"line":36,"column":26}},"12":{"start":{"line":38,"column":12},"end":{"line":38,"column":69}},"13":{"start":{"line":42,"column":4},"end":{"line":133,"column":6}}},"fnMap":{"0":{"name":"AddBookPage","decl":{"start":{"line":6,"column":9},"end":{"line":6,"column":20}},"loc":{"start":{"line":6,"column":23},"end":{"line":134,"column":1}},"line":6},"1":{"name":"(anonymous_1)","decl":{"start":{"line":21,"column":25},"end":{"line":21,"column":26}},"loc":{"start":{"line":21,"column":32},"end":{"line":29,"column":5}},"line":21},"2":{"name":"(anonymous_2)","decl":{"start":{"line":25,"column":20},"end":{"line":25,"column":21}},"loc":{"start":{"line":25,"column":31},"end":{"line":28,"column":9}},"line":25},"3":{"name":"(anonymous_3)","decl":{"start":{"line":31,"column":25},"end":{"line":31,"column":26}},"loc":{"start":{"line":31,"column":38},"end":{"line":40,"column":5}},"line":31}},"branchMap":{"0":{"loc":{"start":{"line":27,"column":20},"end":{"line":27,"column":57}},"type":"cond-expr","locations":[{"start":{"line":27,"column":42},"end":{"line":27,"column":49}},{"start":{"line":27,"column":52},"end":{"line":27,"column":57}}],"line":27}},"s":{"0":9,"1":9,"2":9,"3":6,"4":6,"5":6,"6":9,"7":2,"8":2,"9":2,"10":1,"11":1,"12":1,"13":9},"f":{"0":9,"1":6,"2":6,"3":2},"b":{"0":[0,6]},"_coverageSchema":"1a1c01bbd47fc00a2c39e90264f33305004495a9","hash":"d662feea76ce01a17528ca7a601a9f1641651c60"}
,"C:\\University\\books_front_react\\src\\pages\\BookDetailPage.jsx": {"path":"C:\\University\\books_front_react\\src\\pages\\BookDetailPage.jsx","statementMap":{"0":{"start":{"line":10,"column":19},"end":{"line":10,"column":30}},"1":{"start":{"line":11,"column":17},"end":{"line":11,"column":45}},"2":{"start":{"line":13,"column":28},"end":{"line":13,"column":42}},"3":{"start":{"line":14,"column":44},"end":{"line":14,"column":56}},"4":{"start":{"line":15,"column":34},"end":{"line":15,"column":46}},"5":{"start":{"line":16,"column":34},"end":{"line":16,"column":48}},"6":{"start":{"line":18,"column":40},"end":{"line":18,"column":52}},"7":{"start":{"line":19,"column":32},"end":{"line":19,"column":43}},"8":{"start":{"line":20,"column":42},"end":{"line":20,"column":53}},"9":{"start":{"line":21,"column":48},"end":{"line":21,"column":63}},"10":{"start":{"line":22,"column":50},"end":{"line":22,"column":65}},"11":{"start":{"line":24,"column":21},"end":{"line":40,"column":12}},"12":{"start":{"line":25,"column":8},"end":{"line":39,"column":9}},"13":{"start":{"line":26,"column":12},"end":{"line":26,"column":29}},"14":{"start":{"line":27,"column":29},"end":{"line":27,"column":62}},"15":{"start":{"line":28,"column":12},"end":{"line":28,"column":30}},"16":{"start":{"line":30,"column":28},"end":{"line":30,"column":65}},"17":{"start":{"line":31,"column":12},"end":{"line":31,"column":37}},"18":{"start":{"line":33,"column":32},"end":{"line":33,"column":68}},"19":{"start":{"line":34,"column":12},"end":{"line":34,"column":36}},"20":{"start":{"line":36,"column":12},"end":{"line":36,"column":69}},"21":{"start":{"line":38,"column":12},"end":{"line":38,"column":30}},"22":{"start":{"line":42,"column":4},"end":{"line":44,"column":19}},"23":{"start":{"line":43,"column":8},"end":{"line":43,"column":19}},"24":{"start":{"line":46,"column":28},"end":{"line":57,"column":5}},"25":{"start":{"line":47,"column":8},"end":{"line":50,"column":9}},"26":{"start":{"line":48,"column":12},"end":{"line":48,"column":82}},"27":{"start":{"line":49,"column":12},"end":{"line":49,"column":19}},"28":{"start":{"line":51,"column":8},"end":{"line":56,"column":9}},"29":{"start":{"line":52,"column":12},"end":{"line":52,"column":58}},"30":{"start":{"line":53,"column":12},"end":{"line":53,"column":67}},"31":{"start":{"line":55,"column":12},"end":{"line":55,"column":65}},"32":{"start":{"line":59,"column":31},"end":{"line":80,"column":5}},"33":{"start":{"line":60,"column":8},"end":{"line":60,"column":27}},"34":{"start":{"line":61,"column":8},"end":{"line":64,"column":9}},"35":{"start":{"line":62,"column":12},"end":{"line":62,"column":68}},"36":{"start":{"line":63,"column":12},"end":{"line":63,"column":19}},"37":{"start":{"line":65,"column":8},"end":{"line":79,"column":9}},"38":{"start":{"line":66,"column":12},"end":{"line":71,"column":15}},"39":{"start":{"line":72,"column":12},"end":{"line":72,"column":58}},"40":{"start":{"line":73,"column":12},"end":{"line":73,"column":30}},"41":{"start":{"line":74,"column":12},"end":{"line":74,"column":25}},"42":{"start":{"line":75,"column":28},"end":{"line":75,"column":64}},"43":{"start":{"line":76,"column":12},"end":{"line":76,"column":32}},"44":{"start":{"line":78,"column":12},"end":{"line":78,"column":71}},"45":{"start":{"line":82,"column":4},"end":{"line":82,"column":133}},"46":{"start":{"line":82,"column":17},"end":{"line":82,"column":133}},"47":{"start":{"line":83,"column":4},"end":{"line":83,"column":82}},"48":{"start":{"line":83,"column":15},"end":{"line":83,"column":82}},"49":{"start":{"line":85,"column":4},"end":{"line":274,"column":6}},"50":{"start":{"line":153,"column":53},"end":{"line":153,"column":83}},"51":{"start":{"line":154,"column":55},"end":{"line":154,"column":73}},"52":{"start":{"line":156,"column":52},"end":{"line":156,"column":58}},"53":{"start":{"line":157,"column":36},"end":{"line":159,"column":37}},"54":{"start":{"line":158,"column":40},"end":{"line":158,"column":87}},"55":{"start":{"line":160,"column":54},"end":{"line":160,"column":60}},"56":{"start":{"line":161,"column":36},"end":{"line":163,"column":37}},"57":{"start":{"line":162,"column":40},"end":{"line":162,"column":89}},"58":{"start":{"line":165,"column":36},"end":{"line":181,"column":38}},"59":{"start":{"line":170,"column":64},"end":{"line":170,"column":83}},"60":{"start":{"line":171,"column":64},"end":{"line":171,"column":81}},"61":{"start":{"line":172,"column":59},"end":{"line":172,"column":73}},"62":{"start":{"line":189,"column":49},"end":{"line":189,"column":78}},"63":{"start":{"line":213,"column":48},"end":{"line":213,"column":95}},"64":{"start":{"line":216,"column":36},"end":{"line":234,"column":42}},"65":{"start":{"line":239,"column":51},"end":{"line":239,"column":85}},"66":{"start":{"line":240,"column":56},"end":{"line":240,"column":80}},"67":{"start":{"line":241,"column":56},"end":{"line":241,"column":81}},"68":{"start":{"line":267,"column":51},"end":{"line":267,"column":89}}},"fnMap":{"0":{"name":"BookDetailPage","decl":{"start":{"line":9,"column":9},"end":{"line":9,"column":23}},"loc":{"start":{"line":9,"column":26},"end":{"line":275,"column":1}},"line":9},"1":{"name":"(anonymous_1)","decl":{"start":{"line":24,"column":33},"end":{"line":24,"column":34}},"loc":{"start":{"line":24,"column":45},"end":{"line":40,"column":5}},"line":24},"2":{"name":"(anonymous_2)","decl":{"start":{"line":42,"column":14},"end":{"line":42,"column":15}},"loc":{"start":{"line":42,"column":20},"end":{"line":44,"column":5}},"line":42},"3":{"name":"(anonymous_3)","decl":{"start":{"line":46,"column":28},"end":{"line":46,"column":29}},"loc":{"start":{"line":46,"column":40},"end":{"line":57,"column":5}},"line":46},"4":{"name":"(anonymous_4)","decl":{"start":{"line":59,"column":31},"end":{"line":59,"column":32}},"loc":{"start":{"line":59,"column":44},"end":{"line":80,"column":5}},"line":59},"5":{"name":"(anonymous_5)","decl":{"start":{"line":152,"column":53},"end":{"line":152,"column":54}},"loc":{"start":{"line":152,"column":62},"end":{"line":182,"column":33}},"line":152},"6":{"name":"(anonymous_6)","decl":{"start":{"line":170,"column":58},"end":{"line":170,"column":59}},"loc":{"start":{"line":170,"column":64},"end":{"line":170,"column":83}},"line":170},"7":{"name":"(anonymous_7)","decl":{"start":{"line":171,"column":58},"end":{"line":171,"column":59}},"loc":{"start":{"line":171,"column":64},"end":{"line":171,"column":81}},"line":171},"8":{"name":"(anonymous_8)","decl":{"start":{"line":172,"column":53},"end":{"line":172,"column":54}},"loc":{"start":{"line":172,"column":59},"end":{"line":172,"column":73}},"line":172},"9":{"name":"(anonymous_9)","decl":{"start":{"line":189,"column":42},"end":{"line":189,"column":43}},"loc":{"start":{"line":189,"column":49},"end":{"line":189,"column":78}},"line":189},"10":{"name":"(anonymous_10)","decl":{"start":{"line":213,"column":38},"end":{"line":213,"column":39}},"loc":{"start":{"line":213,"column":48},"end":{"line":213,"column":95}},"line":213},"11":{"name":"(anonymous_11)","decl":{"start":{"line":215,"column":37},"end":{"line":215,"column":38}},"loc":{"start":{"line":216,"column":36},"end":{"line":234,"column":42}},"line":216},"12":{"name":"(anonymous_12)","decl":{"start":{"line":239,"column":45},"end":{"line":239,"column":46}},"loc":{"start":{"line":239,"column":51},"end":{"line":239,"column":85}},"line":239},"13":{"name":"(anonymous_13)","decl":{"start":{"line":240,"column":50},"end":{"line":240,"column":51}},"loc":{"start":{"line":240,"column":56},"end":{"line":240,"column":80}},"line":240},"14":{"name":"(anonymous_14)","decl":{"start":{"line":241,"column":50},"end":{"line":241,"column":51}},"loc":{"start":{"line":241,"column":56},"end":{"line":241,"column":81}},"line":241},"15":{"name":"(anonymous_15)","decl":{"start":{"line":267,"column":41},"end":{"line":267,"column":42}},"loc":{"start":{"line":267,"column":51},"end":{"line":267,"column":89}},"line":267}},"branchMap":{"0":{"loc":{"start":{"line":47,"column":8},"end":{"line":50,"column":9}},"type":"if","locations":[{"start":{"line":47,"column":8},"end":{"line":50,"column":9}},{"start":{},"end":{}}],"line":47},"1":{"loc":{"start":{"line":61,"column":8},"end":{"line":64,"column":9}},"type":"if","locations":[{"start":{"line":61,"column":8},"end":{"line":64,"column":9}},{"start":{},"end":{}}],"line":61},"2":{"loc":{"start":{"line":82,"column":4},"end":{"line":82,"column":133}},"type":"if","locations":[{"start":{"line":82,"column":4},"end":{"line":82,"column":133}},{"start":{},"end":{}}],"line":82},"3":{"loc":{"start":{"line":83,"column":4},"end":{"line":83,"column":82}},"type":"if","locations":[{"start":{"line":83,"column":4},"end":{"line":83,"column":82}},{"start":{},"end":{}}],"line":83},"4":{"loc":{"start":{"line":91,"column":30},"end":{"line":91,"column":58}},"type":"binary-expr","locations":[{"start":{"line":91,"column":30},"end":{"line":91,"column":44}},{"start":{"line":91,"column":48},"end":{"line":91,"column":58}}],"line":91},"5":{"loc":{"start":{"line":112,"column":37},"end":{"line":112,"column":60}},"type":"binary-expr","locations":[{"start":{"line":112,"column":37},"end":{"line":112,"column":47}},{"start":{"line":112,"column":51},"end":{"line":112,"column":60}}],"line":112},"6":{"loc":{"start":{"line":116,"column":37},"end":{"line":116,"column":63}},"type":"binary-expr","locations":[{"start":{"line":116,"column":37},"end":{"line":116,"column":51}},{"start":{"line":116,"column":55},"end":{"line":116,"column":63}}],"line":116},"7":{"loc":{"start":{"line":120,"column":37},"end":{"line":120,"column":66}},"type":"binary-expr","locations":[{"start":{"line":120,"column":37},"end":{"line":120,"column":50}},{"start":{"line":120,"column":54},"end":{"line":120,"column":66}}],"line":120},"8":{"loc":{"start":{"line":148,"column":17},"end":{"line":207,"column":17}},"type":"cond-expr","locations":[{"start":{"line":149,"column":20},"end":{"line":204,"column":27}},{"start":{"line":206,"column":20},"end":{"line":206,"column":105}}],"line":148},"9":{"loc":{"start":{"line":153,"column":54},"end":{"line":153,"column":75}},"type":"binary-expr","locations":[{"start":{"line":153,"column":54},"end":{"line":153,"column":65}},{"start":{"line":153,"column":69},"end":{"line":153,"column":75}}],"line":153},"10":{"loc":{"start":{"line":157,"column":36},"end":{"line":159,"column":37}},"type":"if","locations":[{"start":{"line":157,"column":36},"end":{"line":159,"column":37}},{"start":{},"end":{}}],"line":157},"11":{"loc":{"start":{"line":158,"column":52},"end":{"line":158,"column":86}},"type":"cond-expr","locations":[{"start":{"line":158,"column":65},"end":{"line":158,"column":74}},{"start":{"line":158,"column":77},"end":{"line":158,"column":86}}],"line":158},"12":{"loc":{"start":{"line":161,"column":36},"end":{"line":163,"column":37}},"type":"if","locations":[{"start":{"line":161,"column":36},"end":{"line":163,"column":37}},{"start":{},"end":{}}],"line":161},"13":{"loc":{"start":{"line":162,"column":54},"end":{"line":162,"column":88}},"type":"cond-expr","locations":[{"start":{"line":162,"column":67},"end":{"line":162,"column":76}},{"start":{"line":162,"column":79},"end":{"line":162,"column":88}}],"line":162},"14":{"loc":{"start":{"line":210,"column":21},"end":{"line":259,"column":21}},"type":"cond-expr","locations":[{"start":{"line":211,"column":24},"end":{"line":256,"column":27}},{"start":{"line":258,"column":24},"end":{"line":258,"column":69}}],"line":210},"15":{"loc":{"start":{"line":214,"column":42},"end":{"line":214,"column":77}},"type":"cond-expr","locations":[{"start":{"line":214,"column":59},"end":{"line":214,"column":73}},{"start":{"line":214,"column":76},"end":{"line":214,"column":77}}],"line":214},"16":{"loc":{"start":{"line":233,"column":41},"end":{"line":233,"column":107}},"type":"binary-expr","locations":[{"start":{"line":233,"column":41},"end":{"line":233,"column":49}},{"start":{"line":233,"column":53},"end":{"line":233,"column":107}}],"line":233},"17":{"loc":{"start":{"line":236,"column":29},"end":{"line":255,"column":29}},"type":"binary-expr","locations":[{"start":{"line":236,"column":29},"end":{"line":236,"column":47}},{"start":{"line":237,"column":32},"end":{"line":254,"column":41}}],"line":236},"18":{"loc":{"start":{"line":245,"column":47},"end":{"line":245,"column":86}},"type":"cond-expr","locations":[{"start":{"line":245,"column":65},"end":{"line":245,"column":74}},{"start":{"line":245,"column":77},"end":{"line":245,"column":86}}],"line":245},"19":{"loc":{"start":{"line":253,"column":37},"end":{"line":253,"column":120}},"type":"cond-expr","locations":[{"start":{"line":253,"column":54},"end":{"line":253,"column":73}},{"start":{"line":253,"column":76},"end":{"line":253,"column":120}}],"line":253},"20":{"loc":{"start":{"line":266,"column":21},"end":{"line":270,"column":21}},"type":"cond-expr","locations":[{"start":{"line":267,"column":24},"end":{"line":267,"column":90}},{"start":{"line":269,"column":24},"end":{"line":269,"column":78}}],"line":266}},"s":{"0":20,"1":20,"2":20,"3":20,"4":20,"5":20,"6":20,"7":20,"8":20,"9":20,"10":20,"11":20,"12":9,"13":9,"14":9,"15":7,"16":7,"17":7,"18":7,"19":7,"20":1,"21":8,"22":20,"23":9,"24":20,"25":2,"26":1,"27":1,"28":1,"29":1,"30":1,"31":0,"32":20,"33":3,"34":3,"35":1,"36":1,"37":2,"38":2,"39":1,"40":1,"41":1,"42":1,"43":1,"44":1,"45":20,"46":9,"47":11,"48":2,"49":9,"50":40,"51":40,"52":40,"53":40,"54":2,"55":40,"56":40,"57":2,"58":40,"59":0,"60":0,"61":2,"62":0,"63":0,"64":1,"65":0,"66":0,"67":0,"68":1},"f":{"0":20,"1":9,"2":9,"3":2,"4":3,"5":40,"6":0,"7":0,"8":2,"9":0,"10":0,"11":1,"12":0,"13":0,"14":0,"15":1},"b":{"0":[1,1],"1":[1,2],"2":[9,11],"3":[2,9],"4":[9,0],"5":[9,0],"6":[9,0],"7":[9,0],"8":[8,1],"9":[40,40],"10":[2,38],"11":[0,2],"12":[2,38],"13":[0,2],"14":[1,8],"15":[0,1],"16":[1,1],"17":[1,0],"18":[0,0],"19":[0,0],"20":[1,8]},"_coverageSchema":"1a1c01bbd47fc00a2c39e90264f33305004495a9","hash":"55342ac47ddaa135265fe7474a9edb68b02838fd"}
,"C:\\University\\books_front_react\\src\\pages\\CartPage.jsx": {"path":"C:\\University\\books_front_react\\src\\pages\\CartPage.jsx","statementMap":{"0":{"start":{"line":8,"column":38},"end":{"line":8,"column":50}},"1":{"start":{"line":9,"column":34},"end":{"line":9,"column":48}},"2":{"start":{"line":10,"column":17},"end":{"line":10,"column":45}},"3":{"start":{"line":12,"column":21},"end":{"line":25,"column":14}},"4":{"start":{"line":13,"column":8},"end":{"line":16,"column":9}},"5":{"start":{"line":14,"column":12},"end":{"line":14,"column":30}},"6":{"start":{"line":15,"column":12},"end":{"line":15,"column":19}},"7":{"start":{"line":17,"column":8},"end":{"line":24,"column":9}},"8":{"start":{"line":18,"column":25},"end":{"line":18,"column":59}},"9":{"start":{"line":19,"column":12},"end":{"line":19,"column":31}},"10":{"start":{"line":21,"column":12},"end":{"line":21,"column":69}},"11":{"start":{"line":23,"column":12},"end":{"line":23,"column":30}},"12":{"start":{"line":27,"column":4},"end":{"line":29,"column":19}},"13":{"start":{"line":28,"column":8},"end":{"line":28,"column":19}},"14":{"start":{"line":31,"column":27},"end":{"line":39,"column":5}},"15":{"start":{"line":32,"column":8},"end":{"line":38,"column":9}},"16":{"start":{"line":33,"column":12},"end":{"line":33,"column":61}},"17":{"start":{"line":34,"column":12},"end":{"line":34,"column":29}},"18":{"start":{"line":36,"column":24},"end":{"line":36,"column":73}},"19":{"start":{"line":37,"column":12},"end":{"line":37,"column":43}},"20":{"start":{"line":41,"column":25},"end":{"line":49,"column":5}},"21":{"start":{"line":42,"column":8},"end":{"line":48,"column":9}},"22":{"start":{"line":43,"column":12},"end":{"line":43,"column":53}},"23":{"start":{"line":44,"column":12},"end":{"line":44,"column":64}},"24":{"start":{"line":45,"column":12},"end":{"line":45,"column":29}},"25":{"start":{"line":47,"column":12},"end":{"line":47,"column":67}},"26":{"start":{"line":51,"column":21},"end":{"line":51,"column":96}},"27":{"start":{"line":51,"column":53},"end":{"line":51,"column":92}},"28":{"start":{"line":53,"column":4},"end":{"line":59,"column":5}},"29":{"start":{"line":54,"column":8},"end":{"line":58,"column":10}},"30":{"start":{"line":61,"column":4},"end":{"line":186,"column":6}},"31":{"start":{"line":110,"column":32},"end":{"line":161,"column":37}},"32":{"start":{"line":129,"column":63},"end":{"line":129,"column":98}},"33":{"start":{"line":138,"column":63},"end":{"line":138,"column":98}},"34":{"start":{"line":154,"column":59},"end":{"line":154,"column":80}},"35":{"start":{"line":178,"column":43},"end":{"line":178,"column":108}}},"fnMap":{"0":{"name":"CartPage","decl":{"start":{"line":7,"column":9},"end":{"line":7,"column":17}},"loc":{"start":{"line":7,"column":20},"end":{"line":187,"column":1}},"line":7},"1":{"name":"(anonymous_1)","decl":{"start":{"line":12,"column":33},"end":{"line":12,"column":34}},"loc":{"start":{"line":12,"column":45},"end":{"line":25,"column":5}},"line":12},"2":{"name":"(anonymous_2)","decl":{"start":{"line":27,"column":14},"end":{"line":27,"column":15}},"loc":{"start":{"line":27,"column":20},"end":{"line":29,"column":5}},"line":27},"3":{"name":"(anonymous_3)","decl":{"start":{"line":31,"column":27},"end":{"line":31,"column":28}},"loc":{"start":{"line":31,"column":53},"end":{"line":39,"column":5}},"line":31},"4":{"name":"(anonymous_4)","decl":{"start":{"line":41,"column":25},"end":{"line":41,"column":26}},"loc":{"start":{"line":41,"column":43},"end":{"line":49,"column":5}},"line":41},"5":{"name":"(anonymous_5)","decl":{"start":{"line":51,"column":38},"end":{"line":51,"column":39}},"loc":{"start":{"line":51,"column":53},"end":{"line":51,"column":92}},"line":51},"6":{"name":"(anonymous_6)","decl":{"start":{"line":109,"column":43},"end":{"line":109,"column":44}},"loc":{"start":{"line":110,"column":32},"end":{"line":161,"column":37}},"line":110},"7":{"name":"(anonymous_7)","decl":{"start":{"line":129,"column":57},"end":{"line":129,"column":58}},"loc":{"start":{"line":129,"column":63},"end":{"line":129,"column":98}},"line":129},"8":{"name":"(anonymous_8)","decl":{"start":{"line":138,"column":57},"end":{"line":138,"column":58}},"loc":{"start":{"line":138,"column":63},"end":{"line":138,"column":98}},"line":138},"9":{"name":"(anonymous_9)","decl":{"start":{"line":154,"column":53},"end":{"line":154,"column":54}},"loc":{"start":{"line":154,"column":59},"end":{"line":154,"column":80}},"line":154},"10":{"name":"(anonymous_10)","decl":{"start":{"line":178,"column":37},"end":{"line":178,"column":38}},"loc":{"start":{"line":178,"column":43},"end":{"line":178,"column":108}},"line":178}},"branchMap":{"0":{"loc":{"start":{"line":13,"column":8},"end":{"line":16,"column":9}},"type":"if","locations":[{"start":{"line":13,"column":8},"end":{"line":16,"column":9}},{"start":{},"end":{}}],"line":13},"1":{"loc":{"start":{"line":36,"column":24},"end":{"line":36,"column":73}},"type":"binary-expr","locations":[{"start":{"line":36,"column":24},"end":{"line":36,"column":50}},{"start":{"line":36,"column":54},"end":{"line":36,"column":73}}],"line":36},"2":{"loc":{"start":{"line":53,"column":4},"end":{"line":59,"column":5}},"type":"if","locations":[{"start":{"line":53,"column":4},"end":{"line":59,"column":5}},{"start":{},"end":{}}],"line":53},"3":{"loc":{"start":{"line":72,"column":13},"end":{"line":184,"column":13}},"type":"cond-expr","locations":[{"start":{"line":73,"column":16},"end":{"line":90,"column":22}},{"start":{"line":92,"column":16},"end":{"line":183,"column":22}}],"line":72}},"s":{"0":17,"1":17,"2":17,"3":17,"4":10,"5":0,"6":0,"7":10,"8":10,"9":8,"10":1,"11":9,"12":17,"13":8,"14":17,"15":2,"16":2,"17":1,"18":1,"19":1,"20":17,"21":1,"22":1,"23":1,"24":1,"25":0,"26":17,"27":7,"28":17,"29":8,"30":9,"31":7,"32":1,"33":1,"34":1,"35":1},"f":{"0":17,"1":10,"2":8,"3":2,"4":1,"5":7,"6":7,"7":1,"8":1,"9":1,"10":1},"b":{"0":[0,10],"1":[1,0],"2":[8,9],"3":[2,7]},"_coverageSchema":"1a1c01bbd47fc00a2c39e90264f33305004495a9","hash":"c9da68d0ac6f36d5ee55df7121146bcfac565850"}
,"C:\\University\\books_front_react\\src\\pages\\EditUserPage.jsx": {"path":"C:\\University\\books_front_react\\src\\pages\\EditUserPage.jsx","statementMap":{"0":{"start":{"line":7,"column":19},"end":{"line":7,"column":30}},"1":{"start":{"line":8,"column":21},"end":{"line":8,"column":34}},"2":{"start":{"line":9,"column":36},"end":{"line":9,"column":63}},"3":{"start":{"line":10,"column":28},"end":{"line":10,"column":44}},"4":{"start":{"line":11,"column":34},"end":{"line":11,"column":48}},"5":{"start":{"line":12,"column":56},"end":{"line":12,"column":71}},"6":{"start":{"line":14,"column":22},"end":{"line":25,"column":12}},"7":{"start":{"line":15,"column":8},"end":{"line":24,"column":9}},"8":{"start":{"line":16,"column":29},"end":{"line":16,"column":58}},"9":{"start":{"line":17,"column":29},"end":{"line":17,"column":42}},"10":{"start":{"line":18,"column":12},"end":{"line":18,"column":72}},"11":{"start":{"line":19,"column":12},"end":{"line":19,"column":35}},"12":{"start":{"line":21,"column":12},"end":{"line":21,"column":69}},"13":{"start":{"line":23,"column":12},"end":{"line":23,"column":30}},"14":{"start":{"line":27,"column":4},"end":{"line":29,"column":20}},"15":{"start":{"line":28,"column":8},"end":{"line":28,"column":20}},"16":{"start":{"line":31,"column":23},"end":{"line":40,"column":5}},"17":{"start":{"line":32,"column":8},"end":{"line":32,"column":27}},"18":{"start":{"line":33,"column":8},"end":{"line":39,"column":9}},"19":{"start":{"line":34,"column":12},"end":{"line":34,"column":54}},"20":{"start":{"line":35,"column":12},"end":{"line":35,"column":66}},"21":{"start":{"line":36,"column":12},"end":{"line":36,"column":31}},"22":{"start":{"line":38,"column":12},"end":{"line":38,"column":64}},"23":{"start":{"line":42,"column":25},"end":{"line":50,"column":5}},"24":{"start":{"line":43,"column":8},"end":{"line":49,"column":9}},"25":{"start":{"line":44,"column":12},"end":{"line":44,"column":45}},"26":{"start":{"line":45,"column":12},"end":{"line":45,"column":61}},"27":{"start":{"line":46,"column":12},"end":{"line":46,"column":31}},"28":{"start":{"line":48,"column":12},"end":{"line":48,"column":73}},"29":{"start":{"line":52,"column":4},"end":{"line":119,"column":6}},"30":{"start":{"line":77,"column":49},"end":{"line":77,"column":72}},"31":{"start":{"line":95,"column":47},"end":{"line":95,"column":74}}},"fnMap":{"0":{"name":"EditUserPage","decl":{"start":{"line":6,"column":9},"end":{"line":6,"column":21}},"loc":{"start":{"line":6,"column":24},"end":{"line":120,"column":1}},"line":6},"1":{"name":"(anonymous_1)","decl":{"start":{"line":14,"column":34},"end":{"line":14,"column":35}},"loc":{"start":{"line":14,"column":46},"end":{"line":25,"column":5}},"line":14},"2":{"name":"(anonymous_2)","decl":{"start":{"line":27,"column":14},"end":{"line":27,"column":15}},"loc":{"start":{"line":27,"column":20},"end":{"line":29,"column":5}},"line":27},"3":{"name":"(anonymous_3)","decl":{"start":{"line":31,"column":23},"end":{"line":31,"column":24}},"loc":{"start":{"line":31,"column":36},"end":{"line":40,"column":5}},"line":31},"4":{"name":"(anonymous_4)","decl":{"start":{"line":42,"column":25},"end":{"line":42,"column":26}},"loc":{"start":{"line":42,"column":37},"end":{"line":50,"column":5}},"line":42},"5":{"name":"(anonymous_5)","decl":{"start":{"line":77,"column":42},"end":{"line":77,"column":43}},"loc":{"start":{"line":77,"column":49},"end":{"line":77,"column":72}},"line":77},"6":{"name":"(anonymous_6)","decl":{"start":{"line":95,"column":41},"end":{"line":95,"column":42}},"loc":{"start":{"line":95,"column":47},"end":{"line":95,"column":74}},"line":95}},"branchMap":{"0":{"loc":{"start":{"line":91,"column":25},"end":{"line":114,"column":25}},"type":"cond-expr","locations":[{"start":{"line":92,"column":28},"end":{"line":99,"column":37}},{"start":{"line":101,"column":28},"end":{"line":113,"column":37}}],"line":91}},"s":{"0":12,"1":12,"2":12,"3":12,"4":12,"5":12,"6":12,"7":6,"8":6,"9":5,"10":5,"11":5,"12":1,"13":6,"14":12,"15":6,"16":12,"17":2,"18":2,"19":2,"20":1,"21":1,"22":1,"23":12,"24":2,"25":2,"26":1,"27":1,"28":1,"29":12,"30":1,"31":2},"f":{"0":12,"1":6,"2":6,"3":2,"4":2,"5":1,"6":2},"b":{"0":[10,2]},"_coverageSchema":"1a1c01bbd47fc00a2c39e90264f33305004495a9","hash":"b320e48279f5a63676970f89e5da74995a93f926"}
,"C:\\University\\books_front_react\\src\\pages\\HomePage.jsx": {"path":"C:\\University\\books_front_react\\src\\pages\\HomePage.jsx","statementMap":{"0":{"start":{"line":8,"column":30},"end":{"line":8,"column":42}},"1":{"start":{"line":9,"column":34},"end":{"line":9,"column":48}},"2":{"start":{"line":10,"column":38},"end":{"line":10,"column":54}},"3":{"start":{"line":12,"column":22},"end":{"line":22,"column":10}},"4":{"start":{"line":13,"column":8},"end":{"line":21,"column":9}},"5":{"start":{"line":14,"column":12},"end":{"line":14,"column":29}},"6":{"start":{"line":15,"column":25},"end":{"line":15,"column":56}},"7":{"start":{"line":16,"column":12},"end":{"line":16,"column":27}},"8":{"start":{"line":18,"column":12},"end":{"line":18,"column":77}},"9":{"start":{"line":20,"column":12},"end":{"line":20,"column":30}},"10":{"start":{"line":24,"column":4},"end":{"line":26,"column":20}},"11":{"start":{"line":25,"column":8},"end":{"line":25,"column":20}},"12":{"start":{"line":28,"column":26},"end":{"line":38,"column":10}},"13":{"start":{"line":30,"column":31},"end":{"line":30,"column":64}},"14":{"start":{"line":31,"column":12},"end":{"line":32,"column":66}},"15":{"start":{"line":35,"column":12},"end":{"line":35,"column":62}},"16":{"start":{"line":35,"column":37},"end":{"line":35,"column":62}},"17":{"start":{"line":36,"column":12},"end":{"line":36,"column":63}},"18":{"start":{"line":36,"column":38},"end":{"line":36,"column":63}},"19":{"start":{"line":37,"column":12},"end":{"line":37,"column":21}},"20":{"start":{"line":40,"column":4},"end":{"line":71,"column":6}},"21":{"start":{"line":53,"column":37},"end":{"line":53,"column":65}},"22":{"start":{"line":65,"column":20},"end":{"line":65,"column":58}},"23":{"start":{"line":74,"column":0},"end":{"line":76,"column":2}}},"fnMap":{"0":{"name":"HomePage","decl":{"start":{"line":7,"column":9},"end":{"line":7,"column":17}},"loc":{"start":{"line":7,"column":35},"end":{"line":72,"column":1}},"line":7},"1":{"name":"(anonymous_1)","decl":{"start":{"line":12,"column":34},"end":{"line":12,"column":35}},"loc":{"start":{"line":12,"column":46},"end":{"line":22,"column":5}},"line":12},"2":{"name":"(anonymous_2)","decl":{"start":{"line":24,"column":14},"end":{"line":24,"column":15}},"loc":{"start":{"line":24,"column":20},"end":{"line":26,"column":5}},"line":24},"3":{"name":"(anonymous_3)","decl":{"start":{"line":29,"column":16},"end":{"line":29,"column":17}},"loc":{"start":{"line":29,"column":26},"end":{"line":33,"column":9}},"line":29},"4":{"name":"(anonymous_4)","decl":{"start":{"line":34,"column":14},"end":{"line":34,"column":15}},"loc":{"start":{"line":34,"column":24},"end":{"line":38,"column":9}},"line":34},"5":{"name":"(anonymous_5)","decl":{"start":{"line":53,"column":30},"end":{"line":53,"column":31}},"loc":{"start":{"line":53,"column":37},"end":{"line":53,"column":65}},"line":53},"6":{"name":"(anonymous_6)","decl":{"start":{"line":64,"column":35},"end":{"line":64,"column":36}},"loc":{"start":{"line":65,"column":20},"end":{"line":65,"column":58}},"line":65}},"branchMap":{"0":{"loc":{"start":{"line":30,"column":32},"end":{"line":30,"column":49}},"type":"binary-expr","locations":[{"start":{"line":30,"column":32},"end":{"line":30,"column":43}},{"start":{"line":30,"column":47},"end":{"line":30,"column":49}}],"line":30},"1":{"loc":{"start":{"line":31,"column":19},"end":{"line":32,"column":65}},"type":"binary-expr","locations":[{"start":{"line":31,"column":19},"end":{"line":31,"column":64}},{"start":{"line":32,"column":19},"end":{"line":32,"column":65}}],"line":31},"2":{"loc":{"start":{"line":35,"column":12},"end":{"line":35,"column":62}},"type":"if","locations":[{"start":{"line":35,"column":12},"end":{"line":35,"column":62}},{"start":{},"end":{}}],"line":35},"3":{"loc":{"start":{"line":36,"column":12},"end":{"line":36,"column":63}},"type":"if","locations":[{"start":{"line":36,"column":12},"end":{"line":36,"column":63}},{"start":{},"end":{}}],"line":36},"4":{"loc":{"start":{"line":69,"column":13},"end":{"line":69,"column":97}},"type":"binary-expr","locations":[{"start":{"line":69,"column":13},"end":{"line":69,"column":20}},{"start":{"line":69,"column":24},"end":{"line":69,"column":97}}],"line":69}},"s":{"0":12,"1":12,"2":12,"3":12,"4":4,"5":4,"6":4,"7":3,"8":1,"9":4,"10":12,"11":4,"12":12,"13":21,"14":21,"15":13,"16":4,"17":9,"18":3,"19":6,"20":12,"21":3,"22":17,"23":1},"f":{"0":12,"1":4,"2":4,"3":21,"4":13,"5":3,"6":17},"b":{"0":[21,15],"1":[21,5],"2":[4,9],"3":[3,6],"4":[12,4]},"_coverageSchema":"1a1c01bbd47fc00a2c39e90264f33305004495a9","hash":"638a597a35874b59c67fb7f2c0e4285bb33ddc16"}
,"C:\\University\\books_front_react\\src\\pages\\LoginPage.jsx": {"path":"C:\\University\\books_front_react\\src\\pages\\LoginPage.jsx","statementMap":{"0":{"start":{"line":8,"column":21},"end":{"line":8,"column":34}},"1":{"start":{"line":9,"column":30},"end":{"line":9,"column":42}},"2":{"start":{"line":10,"column":36},"end":{"line":10,"column":48}},"3":{"start":{"line":12,"column":25},"end":{"line":33,"column":5}},"4":{"start":{"line":13,"column":8},"end":{"line":13,"column":27}},"5":{"start":{"line":15,"column":8},"end":{"line":32,"column":9}},"6":{"start":{"line":16,"column":29},"end":{"line":19,"column":14}},"7":{"start":{"line":21,"column":12},"end":{"line":29,"column":13}},"8":{"start":{"line":22,"column":33},"end":{"line":22,"column":71}},"9":{"start":{"line":23,"column":16},"end":{"line":23,"column":71}},"10":{"start":{"line":25,"column":16},"end":{"line":25,"column":39}},"11":{"start":{"line":25,"column":29},"end":{"line":25,"column":39}},"12":{"start":{"line":27,"column":16},"end":{"line":27,"column":77}},"13":{"start":{"line":28,"column":16},"end":{"line":28,"column":30}},"14":{"start":{"line":31,"column":12},"end":{"line":31,"column":67}},"15":{"start":{"line":35,"column":4},"end":{"line":78,"column":6}},"16":{"start":{"line":48,"column":49},"end":{"line":48,"column":73}},"17":{"start":{"line":61,"column":49},"end":{"line":61,"column":76}},"18":{"start":{"line":81,"column":0},"end":{"line":83,"column":2}}},"fnMap":{"0":{"name":"LoginPage","decl":{"start":{"line":7,"column":9},"end":{"line":7,"column":18}},"loc":{"start":{"line":7,"column":32},"end":{"line":79,"column":1}},"line":7},"1":{"name":"(anonymous_1)","decl":{"start":{"line":12,"column":25},"end":{"line":12,"column":26}},"loc":{"start":{"line":12,"column":38},"end":{"line":33,"column":5}},"line":12},"2":{"name":"(anonymous_2)","decl":{"start":{"line":48,"column":42},"end":{"line":48,"column":43}},"loc":{"start":{"line":48,"column":49},"end":{"line":48,"column":73}},"line":48},"3":{"name":"(anonymous_3)","decl":{"start":{"line":61,"column":42},"end":{"line":61,"column":43}},"loc":{"start":{"line":61,"column":49},"end":{"line":61,"column":76}},"line":61}},"branchMap":{"0":{"loc":{"start":{"line":21,"column":12},"end":{"line":29,"column":13}},"type":"if","locations":[{"start":{"line":21,"column":12},"end":{"line":29,"column":13}},{"start":{},"end":{}}],"line":21},"1":{"loc":{"start":{"line":25,"column":16},"end":{"line":25,"column":39}},"type":"if","locations":[{"start":{"line":25,"column":16},"end":{"line":25,"column":39}},{"start":{},"end":{}}],"line":25}},"s":{"0":11,"1":11,"2":11,"3":11,"4":3,"5":3,"6":3,"7":2,"8":1,"9":1,"10":1,"11":1,"12":1,"13":1,"14":1,"15":11,"16":3,"17":3,"18":2},"f":{"0":11,"1":3,"2":3,"3":3},"b":{"0":[1,1],"1":[1,0]},"_coverageSchema":"1a1c01bbd47fc00a2c39e90264f33305004495a9","hash":"6913b4ae57a4dcea7bc7c8275c268ab947ed3a0e"}
,"C:\\University\\books_front_react\\src\\pages\\ProfilePage.jsx": {"path":"C:\\University\\books_front_react\\src\\pages\\ProfilePage.jsx","statementMap":{"0":{"start":{"line":7,"column":17},"end":{"line":7,"column":45}},"1":{"start":{"line":8,"column":36},"end":{"line":12,"column":6}},"2":{"start":{"line":13,"column":38},"end":{"line":13,"column":87}},"3":{"start":{"line":14,"column":36},"end":{"line":14,"column":51}},"4":{"start":{"line":16,"column":4},"end":{"line":24,"column":32}},"5":{"start":{"line":17,"column":8},"end":{"line":23,"column":9}},"6":{"start":{"line":18,"column":12},"end":{"line":22,"column":15}},"7":{"start":{"line":26,"column":23},"end":{"line":29,"column":5}},"8":{"start":{"line":27,"column":8},"end":{"line":27,"column":61}},"9":{"start":{"line":27,"column":32},"end":{"line":27,"column":58}},"10":{"start":{"line":28,"column":8},"end":{"line":28,"column":26}},"11":{"start":{"line":31,"column":23},"end":{"line":52,"column":5}},"12":{"start":{"line":32,"column":8},"end":{"line":32,"column":27}},"13":{"start":{"line":33,"column":8},"end":{"line":51,"column":9}},"14":{"start":{"line":34,"column":29},"end":{"line":37,"column":14}},"15":{"start":{"line":39,"column":32},"end":{"line":39,"column":61}},"16":{"start":{"line":40,"column":12},"end":{"line":40,"column":70}},"17":{"start":{"line":42,"column":12},"end":{"line":42,"column":66}},"18":{"start":{"line":43,"column":12},"end":{"line":43,"column":66}},"19":{"start":{"line":44,"column":12},"end":{"line":44,"column":31}},"20":{"start":{"line":46,"column":12},"end":{"line":48,"column":13}},"21":{"start":{"line":47,"column":16},"end":{"line":47,"column":41}},"22":{"start":{"line":50,"column":12},"end":{"line":50,"column":70}},"23":{"start":{"line":54,"column":25},"end":{"line":56,"column":5}},"24":{"start":{"line":55,"column":8},"end":{"line":55,"column":29}},"25":{"start":{"line":58,"column":4},"end":{"line":196,"column":6}},"26":{"start":{"line":80,"column":53},"end":{"line":83,"column":38}},"27":{"start":{"line":91,"column":55},"end":{"line":91,"column":79}},"28":{"start":{"line":95,"column":59},"end":{"line":95,"column":104}},"29":{"start":{"line":124,"column":53},"end":{"line":127,"column":38}},"30":{"start":{"line":135,"column":55},"end":{"line":135,"column":78}},"31":{"start":{"line":139,"column":59},"end":{"line":139,"column":103}}},"fnMap":{"0":{"name":"ProfilePage","decl":{"start":{"line":6,"column":9},"end":{"line":6,"column":20}},"loc":{"start":{"line":6,"column":23},"end":{"line":197,"column":1}},"line":6},"1":{"name":"(anonymous_1)","decl":{"start":{"line":16,"column":14},"end":{"line":16,"column":15}},"loc":{"start":{"line":16,"column":20},"end":{"line":24,"column":5}},"line":16},"2":{"name":"(anonymous_2)","decl":{"start":{"line":26,"column":23},"end":{"line":26,"column":24}},"loc":{"start":{"line":26,"column":34},"end":{"line":29,"column":5}},"line":26},"3":{"name":"(anonymous_3)","decl":{"start":{"line":27,"column":21},"end":{"line":27,"column":22}},"loc":{"start":{"line":27,"column":32},"end":{"line":27,"column":58}},"line":27},"4":{"name":"(anonymous_4)","decl":{"start":{"line":31,"column":23},"end":{"line":31,"column":24}},"loc":{"start":{"line":31,"column":36},"end":{"line":52,"column":5}},"line":31},"5":{"name":"(anonymous_5)","decl":{"start":{"line":54,"column":25},"end":{"line":54,"column":26}},"loc":{"start":{"line":54,"column":31},"end":{"line":56,"column":5}},"line":54},"6":{"name":"(anonymous_6)","decl":{"start":{"line":80,"column":46},"end":{"line":80,"column":47}},"loc":{"start":{"line":80,"column":53},"end":{"line":83,"column":38}},"line":80},"7":{"name":"(anonymous_7)","decl":{"start":{"line":91,"column":49},"end":{"line":91,"column":50}},"loc":{"start":{"line":91,"column":55},"end":{"line":91,"column":79}},"line":91},"8":{"name":"(anonymous_8)","decl":{"start":{"line":95,"column":52},"end":{"line":95,"column":53}},"loc":{"start":{"line":95,"column":59},"end":{"line":95,"column":104}},"line":95},"9":{"name":"(anonymous_9)","decl":{"start":{"line":124,"column":46},"end":{"line":124,"column":47}},"loc":{"start":{"line":124,"column":53},"end":{"line":127,"column":38}},"line":124},"10":{"name":"(anonymous_10)","decl":{"start":{"line":135,"column":49},"end":{"line":135,"column":50}},"loc":{"start":{"line":135,"column":55},"end":{"line":135,"column":78}},"line":135},"11":{"name":"(anonymous_11)","decl":{"start":{"line":139,"column":52},"end":{"line":139,"column":53}},"loc":{"start":{"line":139,"column":59},"end":{"line":139,"column":103}},"line":139}},"branchMap":{"0":{"loc":{"start":{"line":17,"column":8},"end":{"line":23,"column":9}},"type":"if","locations":[{"start":{"line":17,"column":8},"end":{"line":23,"column":9}},{"start":{},"end":{}}],"line":17},"1":{"loc":{"start":{"line":19,"column":28},"end":{"line":19,"column":49}},"type":"binary-expr","locations":[{"start":{"line":19,"column":28},"end":{"line":19,"column":43}},{"start":{"line":19,"column":47},"end":{"line":19,"column":49}}],"line":19},"2":{"loc":{"start":{"line":20,"column":27},"end":{"line":20,"column":47}},"type":"binary-expr","locations":[{"start":{"line":20,"column":27},"end":{"line":20,"column":41}},{"start":{"line":20,"column":45},"end":{"line":20,"column":47}}],"line":20},"3":{"loc":{"start":{"line":21,"column":23},"end":{"line":21,"column":39}},"type":"binary-expr","locations":[{"start":{"line":21,"column":23},"end":{"line":21,"column":33}},{"start":{"line":21,"column":37},"end":{"line":21,"column":39}}],"line":21},"4":{"loc":{"start":{"line":46,"column":12},"end":{"line":48,"column":13}},"type":"if","locations":[{"start":{"line":46,"column":12},"end":{"line":48,"column":13}},{"start":{},"end":{}}],"line":46},"5":{"loc":{"start":{"line":85,"column":57},"end":{"line":85,"column":98}},"type":"cond-expr","locations":[{"start":{"line":85,"column":80},"end":{"line":85,"column":86}},{"start":{"line":85,"column":89},"end":{"line":85,"column":98}}],"line":85},"6":{"loc":{"start":{"line":88,"column":33},"end":{"line":110,"column":33}},"type":"binary-expr","locations":[{"start":{"line":88,"column":33},"end":{"line":88,"column":54}},{"start":{"line":89,"column":36},"end":{"line":109,"column":43}}],"line":88},"7":{"loc":{"start":{"line":95,"column":59},"end":{"line":95,"column":104}},"type":"binary-expr","locations":[{"start":{"line":95,"column":59},"end":{"line":95,"column":76}},{"start":{"line":95,"column":80},"end":{"line":95,"column":104}}],"line":95},"8":{"loc":{"start":{"line":129,"column":57},"end":{"line":129,"column":97}},"type":"cond-expr","locations":[{"start":{"line":129,"column":79},"end":{"line":129,"column":85}},{"start":{"line":129,"column":88},"end":{"line":129,"column":97}}],"line":129},"9":{"loc":{"start":{"line":132,"column":33},"end":{"line":154,"column":33}},"type":"binary-expr","locations":[{"start":{"line":132,"column":33},"end":{"line":132,"column":53}},{"start":{"line":133,"column":36},"end":{"line":153,"column":43}}],"line":132},"10":{"loc":{"start":{"line":139,"column":59},"end":{"line":139,"column":103}},"type":"binary-expr","locations":[{"start":{"line":139,"column":59},"end":{"line":139,"column":76}},{"start":{"line":139,"column":80},"end":{"line":139,"column":103}}],"line":139},"11":{"loc":{"start":{"line":176,"column":21},"end":{"line":184,"column":21}},"type":"binary-expr","locations":[{"start":{"line":176,"column":21},"end":{"line":176,"column":29}},{"start":{"line":177,"column":24},"end":{"line":183,"column":33}}],"line":176}},"s":{"0":12,"1":12,"2":12,"3":12,"4":12,"5":4,"6":4,"7":12,"8":2,"9":2,"10":2,"11":12,"12":2,"13":2,"14":2,"15":1,"16":1,"17":1,"18":1,"19":1,"20":1,"21":0,"22":1,"23":12,"24":1,"25":12,"26":1,"27":2,"28":0,"29":0,"30":0,"31":0},"f":{"0":12,"1":4,"2":2,"3":2,"4":2,"5":1,"6":1,"7":2,"8":0,"9":0,"10":0,"11":0},"b":{"0":[4,0],"1":[4,0],"2":[4,0],"3":[4,0],"4":[0,1],"5":[3,9],"6":[12,9],"7":[0,0],"8":[0,12],"9":[12,12],"10":[0,0],"11":[12,3]},"_coverageSchema":"1a1c01bbd47fc00a2c39e90264f33305004495a9","hash":"b7759f26241b1ea22a8169732c13e6bbd02d8ccf"}
,"C:\\University\\books_front_react\\src\\pages\\RegisterPage.jsx": {"path":"C:\\University\\books_front_react\\src\\pages\\RegisterPage.jsx","statementMap":{"0":{"start":{"line":8,"column":21},"end":{"line":8,"column":34}},"1":{"start":{"line":9,"column":36},"end":{"line":15,"column":6}},"2":{"start":{"line":17,"column":25},"end":{"line":45,"column":5}},"3":{"start":{"line":18,"column":8},"end":{"line":18,"column":27}},"4":{"start":{"line":20,"column":8},"end":{"line":23,"column":9}},"5":{"start":{"line":21,"column":12},"end":{"line":21,"column":63}},"6":{"start":{"line":22,"column":12},"end":{"line":22,"column":19}},"7":{"start":{"line":25,"column":8},"end":{"line":44,"column":9}},"8":{"start":{"line":26,"column":29},"end":{"line":31,"column":14}},"9":{"start":{"line":33,"column":12},"end":{"line":41,"column":13}},"10":{"start":{"line":34,"column":33},"end":{"line":34,"column":71}},"11":{"start":{"line":35,"column":16},"end":{"line":35,"column":71}},"12":{"start":{"line":37,"column":16},"end":{"line":37,"column":39}},"13":{"start":{"line":37,"column":29},"end":{"line":37,"column":39}},"14":{"start":{"line":39,"column":16},"end":{"line":39,"column":84}},"15":{"start":{"line":40,"column":16},"end":{"line":40,"column":30}},"16":{"start":{"line":43,"column":12},"end":{"line":43,"column":77}},"17":{"start":{"line":47,"column":4},"end":{"line":138,"column":6}},"18":{"start":{"line":60,"column":49},"end":{"line":63,"column":34}},"19":{"start":{"line":75,"column":49},"end":{"line":78,"column":34}},"20":{"start":{"line":90,"column":49},"end":{"line":93,"column":34}},"21":{"start":{"line":105,"column":49},"end":{"line":108,"column":34}},"22":{"start":{"line":120,"column":49},"end":{"line":123,"column":34}},"23":{"start":{"line":141,"column":0},"end":{"line":143,"column":2}}},"fnMap":{"0":{"name":"RegisterPage","decl":{"start":{"line":7,"column":9},"end":{"line":7,"column":21}},"loc":{"start":{"line":7,"column":35},"end":{"line":139,"column":1}},"line":7},"1":{"name":"(anonymous_1)","decl":{"start":{"line":17,"column":25},"end":{"line":17,"column":26}},"loc":{"start":{"line":17,"column":38},"end":{"line":45,"column":5}},"line":17},"2":{"name":"(anonymous_2)","decl":{"start":{"line":60,"column":42},"end":{"line":60,"column":43}},"loc":{"start":{"line":60,"column":49},"end":{"line":63,"column":34}},"line":60},"3":{"name":"(anonymous_3)","decl":{"start":{"line":75,"column":42},"end":{"line":75,"column":43}},"loc":{"start":{"line":75,"column":49},"end":{"line":78,"column":34}},"line":75},"4":{"name":"(anonymous_4)","decl":{"start":{"line":90,"column":42},"end":{"line":90,"column":43}},"loc":{"start":{"line":90,"column":49},"end":{"line":93,"column":34}},"line":90},"5":{"name":"(anonymous_5)","decl":{"start":{"line":105,"column":42},"end":{"line":105,"column":43}},"loc":{"start":{"line":105,"column":49},"end":{"line":108,"column":34}},"line":105},"6":{"name":"(anonymous_6)","decl":{"start":{"line":120,"column":42},"end":{"line":120,"column":43}},"loc":{"start":{"line":120,"column":49},"end":{"line":123,"column":34}},"line":120}},"branchMap":{"0":{"loc":{"start":{"line":20,"column":8},"end":{"line":23,"column":9}},"type":"if","locations":[{"start":{"line":20,"column":8},"end":{"line":23,"column":9}},{"start":{},"end":{}}],"line":20},"1":{"loc":{"start":{"line":33,"column":12},"end":{"line":41,"column":13}},"type":"if","locations":[{"start":{"line":33,"column":12},"end":{"line":41,"column":13}},{"start":{},"end":{}}],"line":33},"2":{"loc":{"start":{"line":37,"column":16},"end":{"line":37,"column":39}},"type":"if","locations":[{"start":{"line":37,"column":16},"end":{"line":37,"column":39}},{"start":{},"end":{}}],"line":37}},"s":{"0":26,"1":26,"2":26,"3":4,"4":4,"5":1,"6":1,"7":3,"8":3,"9":2,"10":1,"11":1,"12":1,"13":1,"14":1,"15":1,"16":1,"17":26,"18":4,"19":4,"20":4,"21":4,"22":4,"23":2},"f":{"0":26,"1":4,"2":4,"3":4,"4":4,"5":4,"6":4},"b":{"0":[1,3],"1":[1,1],"2":[1,0]},"_coverageSchema":"1a1c01bbd47fc00a2c39e90264f33305004495a9","hash":"d9f329e6803d3283f853463ace461ac7e182815c"}
,"C:\\University\\books_front_react\\src\\pages\\UsersPage.jsx": {"path":"C:\\University\\books_front_react\\src\\pages\\UsersPage.jsx","statementMap":{"0":{"start":{"line":7,"column":30},"end":{"line":7,"column":42}},"1":{"start":{"line":8,"column":34},"end":{"line":8,"column":48}},"2":{"start":{"line":10,"column":22},"end":{"line":20,"column":10}},"3":{"start":{"line":11,"column":8},"end":{"line":19,"column":9}},"4":{"start":{"line":12,"column":12},"end":{"line":12,"column":29}},"5":{"start":{"line":13,"column":25},"end":{"line":13,"column":56}},"6":{"start":{"line":14,"column":12},"end":{"line":14,"column":68}},"7":{"start":{"line":16,"column":12},"end":{"line":16,"column":84}},"8":{"start":{"line":18,"column":12},"end":{"line":18,"column":30}},"9":{"start":{"line":22,"column":4},"end":{"line":24,"column":20}},"10":{"start":{"line":23,"column":8},"end":{"line":23,"column":20}},"11":{"start":{"line":26,"column":4},"end":{"line":69,"column":6}},"12":{"start":{"line":35,"column":20},"end":{"line":59,"column":30}}},"fnMap":{"0":{"name":"UsersPage","decl":{"start":{"line":6,"column":9},"end":{"line":6,"column":18}},"loc":{"start":{"line":6,"column":21},"end":{"line":70,"column":1}},"line":6},"1":{"name":"(anonymous_1)","decl":{"start":{"line":10,"column":34},"end":{"line":10,"column":35}},"loc":{"start":{"line":10,"column":46},"end":{"line":20,"column":5}},"line":10},"2":{"name":"(anonymous_2)","decl":{"start":{"line":22,"column":14},"end":{"line":22,"column":15}},"loc":{"start":{"line":22,"column":20},"end":{"line":24,"column":5}},"line":22},"3":{"name":"(anonymous_3)","decl":{"start":{"line":34,"column":27},"end":{"line":34,"column":28}},"loc":{"start":{"line":35,"column":20},"end":{"line":59,"column":30}},"line":35}},"branchMap":{"0":{"loc":{"start":{"line":14,"column":21},"end":{"line":14,"column":66}},"type":"cond-expr","locations":[{"start":{"line":14,"column":43},"end":{"line":14,"column":47}},{"start":{"line":14,"column":50},"end":{"line":14,"column":66}}],"line":14},"1":{"loc":{"start":{"line":14,"column":50},"end":{"line":14,"column":66}},"type":"binary-expr","locations":[{"start":{"line":14,"column":50},"end":{"line":14,"column":60}},{"start":{"line":14,"column":64},"end":{"line":14,"column":66}}],"line":14},"2":{"loc":{"start":{"line":37,"column":48},"end":{"line":37,"column":105}},"type":"cond-expr","locations":[{"start":{"line":37,"column":72},"end":{"line":37,"column":86}},{"start":{"line":37,"column":89},"end":{"line":37,"column":105}}],"line":37},"3":{"loc":{"start":{"line":52,"column":45},"end":{"line":52,"column":98}},"type":"cond-expr","locations":[{"start":{"line":52,"column":69},"end":{"line":52,"column":81}},{"start":{"line":52,"column":84},"end":{"line":52,"column":98}}],"line":52},"4":{"loc":{"start":{"line":63,"column":13},"end":{"line":63,"column":91}},"type":"binary-expr","locations":[{"start":{"line":63,"column":13},"end":{"line":63,"column":20}},{"start":{"line":63,"column":24},"end":{"line":63,"column":91}}],"line":63},"5":{"loc":{"start":{"line":65,"column":13},"end":{"line":67,"column":13}},"type":"binary-expr","locations":[{"start":{"line":65,"column":13},"end":{"line":65,"column":21}},{"start":{"line":65,"column":25},"end":{"line":65,"column":43}},{"start":{"line":66,"column":16},"end":{"line":66,"column":80}}],"line":65}},"s":{"0":10,"1":10,"2":10,"3":5,"4":5,"5":5,"6":4,"7":1,"8":5,"9":10,"10":5,"11":10,"12":4},"f":{"0":10,"1":5,"2":5,"3":4},"b":{"0":[3,1],"1":[1,0],"2":[3,1],"3":[3,1],"4":[10,5],"5":[10,5,2]},"_coverageSchema":"1a1c01bbd47fc00a2c39e90264f33305004495a9","hash":"0aeb2a7941770e2589514bea3454310f3cff37d7"}
,"C:\\University\\books_front_react\\src\\services\\api.js": {"path":"C:\\University\\books_front_react\\src\\services\\api.js","statementMap":{"0":{"start":{"line":3,"column":16},"end":{"line":3,"column":43}},"1":{"start":{"line":5,"column":18},"end":{"line":10,"column":2}},"2":{"start":{"line":12,"column":0},"end":{"line":15,"column":2}},"3":{"start":{"line":13,"column":18},"end":{"line":13,"column":26}},"4":{"start":{"line":14,"column":15},"end":{"line":14,"column":36}}},"fnMap":{"0":{"name":"(anonymous_0)","decl":{"start":{"line":13,"column":4},"end":{"line":13,"column":5}},"loc":{"start":{"line":13,"column":18},"end":{"line":13,"column":26}},"line":13},"1":{"name":"(anonymous_1)","decl":{"start":{"line":14,"column":4},"end":{"line":14,"column":5}},"loc":{"start":{"line":14,"column":15},"end":{"line":14,"column":36}},"line":14}},"branchMap":{},"s":{"0":22,"1":22,"2":22,"3":1,"4":1},"f":{"0":1,"1":1},"b":{},"_coverageSchema":"1a1c01bbd47fc00a2c39e90264f33305004495a9","hash":"6457c5632c0880019f6da2291e16eb8c8c7a2162"}
,"C:\\University\\books_front_react\\src\\services\\authService.js": {"path":"C:\\University\\books_front_react\\src\\services\\authService.js","statementMap":{"0":{"start":{"line":3,"column":20},"end":{"line":29,"column":1}},"1":{"start":{"line":5,"column":8},"end":{"line":5,"column":36}},"2":{"start":{"line":9,"column":25},"end":{"line":9,"column":67}},"3":{"start":{"line":11,"column":8},"end":{"line":16,"column":9}},"4":{"start":{"line":12,"column":12},"end":{"line":15,"column":16}},"5":{"start":{"line":17,"column":8},"end":{"line":17,"column":29}},"6":{"start":{"line":21,"column":21},"end":{"line":21,"column":49}},"7":{"start":{"line":22,"column":8},"end":{"line":22,"column":46}},"8":{"start":{"line":26,"column":8},"end":{"line":26,"column":40}},"9":{"start":{"line":27,"column":8},"end":{"line":27,"column":32}}},"fnMap":{"0":{"name":"(anonymous_0)","decl":{"start":{"line":4,"column":14},"end":{"line":4,"column":15}},"loc":{"start":{"line":4,"column":24},"end":{"line":6,"column":5}},"line":4},"1":{"name":"(anonymous_1)","decl":{"start":{"line":8,"column":11},"end":{"line":8,"column":12}},"loc":{"start":{"line":8,"column":34},"end":{"line":18,"column":5}},"line":8},"2":{"name":"(anonymous_2)","decl":{"start":{"line":20,"column":20},"end":{"line":20,"column":21}},"loc":{"start":{"line":20,"column":26},"end":{"line":23,"column":5}},"line":20},"3":{"name":"(anonymous_3)","decl":{"start":{"line":25,"column":4},"end":{"line":25,"column":5}},"loc":{"start":{"line":25,"column":13},"end":{"line":28,"column":5}},"line":25}},"branchMap":{"0":{"loc":{"start":{"line":11,"column":8},"end":{"line":16,"column":9}},"type":"if","locations":[{"start":{"line":11,"column":8},"end":{"line":16,"column":9}},{"start":{},"end":{}}],"line":11},"1":{"loc":{"start":{"line":22,"column":15},"end":{"line":22,"column":45}},"type":"cond-expr","locations":[{"start":{"line":22,"column":22},"end":{"line":22,"column":38}},{"start":{"line":22,"column":41},"end":{"line":22,"column":45}}],"line":22}},"s":{"0":8,"1":1,"2":2,"3":2,"4":1,"5":2,"6":19,"7":19,"8":1,"9":1},"f":{"0":1,"1":2,"2":19,"3":1},"b":{"0":[1,1],"1":[1,18]},"_coverageSchema":"1a1c01bbd47fc00a2c39e90264f33305004495a9","hash":"b5bc3f90bf2df681d348977c313ded90b7541749"}
,"C:\\University\\books_front_react\\src\\services\\bookService.js": {"path":"C:\\University\\books_front_react\\src\\services\\bookService.js","statementMap":{"0":{"start":{"line":3,"column":20},"end":{"line":52,"column":1}},"1":{"start":{"line":5,"column":25},"end":{"line":5,"column":48}},"2":{"start":{"line":6,"column":8},"end":{"line":6,"column":29}},"3":{"start":{"line":10,"column":25},"end":{"line":10,"column":54}},"4":{"start":{"line":11,"column":8},"end":{"line":11,"column":29}},"5":{"start":{"line":15,"column":25},"end":{"line":15,"column":84}},"6":{"start":{"line":16,"column":8},"end":{"line":16,"column":29}},"7":{"start":{"line":20,"column":26},"end":{"line":25,"column":9}},"8":{"start":{"line":27,"column":22},"end":{"line":27,"column":51}},"9":{"start":{"line":29,"column":25},"end":{"line":33,"column":10}},"10":{"start":{"line":35,"column":8},"end":{"line":35,"column":29}},"11":{"start":{"line":39,"column":25},"end":{"line":39,"column":57}},"12":{"start":{"line":40,"column":8},"end":{"line":40,"column":29}},"13":{"start":{"line":44,"column":25},"end":{"line":44,"column":66}},"14":{"start":{"line":45,"column":8},"end":{"line":45,"column":29}},"15":{"start":{"line":49,"column":25},"end":{"line":49,"column":63}},"16":{"start":{"line":50,"column":8},"end":{"line":50,"column":29}}},"fnMap":{"0":{"name":"(anonymous_0)","decl":{"start":{"line":4,"column":17},"end":{"line":4,"column":18}},"loc":{"start":{"line":4,"column":29},"end":{"line":7,"column":5}},"line":4},"1":{"name":"(anonymous_1)","decl":{"start":{"line":9,"column":17},"end":{"line":9,"column":18}},"loc":{"start":{"line":9,"column":31},"end":{"line":12,"column":5}},"line":9},"2":{"name":"(anonymous_2)","decl":{"start":{"line":14,"column":21},"end":{"line":14,"column":22}},"loc":{"start":{"line":14,"column":39},"end":{"line":17,"column":5}},"line":14},"3":{"name":"(anonymous_3)","decl":{"start":{"line":19,"column":16},"end":{"line":19,"column":17}},"loc":{"start":{"line":19,"column":36},"end":{"line":36,"column":5}},"line":19},"4":{"name":"(anonymous_4)","decl":{"start":{"line":38,"column":16},"end":{"line":38,"column":17}},"loc":{"start":{"line":38,"column":30},"end":{"line":41,"column":5}},"line":38},"5":{"name":"(anonymous_5)","decl":{"start":{"line":43,"column":20},"end":{"line":43,"column":21}},"loc":{"start":{"line":43,"column":38},"end":{"line":46,"column":5}},"line":43},"6":{"name":"(anonymous_6)","decl":{"start":{"line":48,"column":15},"end":{"line":48,"column":16}},"loc":{"start":{"line":48,"column":37},"end":{"line":51,"column":5}},"line":48}},"branchMap":{"0":{"loc":{"start":{"line":22,"column":19},"end":{"line":22,"column":46}},"type":"binary-expr","locations":[{"start":{"line":22,"column":19},"end":{"line":22,"column":41}},{"start":{"line":22,"column":45},"end":{"line":22,"column":46}}],"line":22},"1":{"loc":{"start":{"line":23,"column":19},"end":{"line":23,"column":46}},"type":"binary-expr","locations":[{"start":{"line":23,"column":19},"end":{"line":23,"column":41}},{"start":{"line":23,"column":45},"end":{"line":23,"column":46}}],"line":23},"2":{"loc":{"start":{"line":24,"column":23},"end":{"line":24,"column":59}},"type":"binary-expr","locations":[{"start":{"line":24,"column":23},"end":{"line":24,"column":41}},{"start":{"line":24,"column":45},"end":{"line":24,"column":59}}],"line":24}},"s":{"0":5,"1":1,"2":1,"3":1,"4":1,"5":1,"6":1,"7":2,"8":2,"9":2,"10":2,"11":1,"12":1,"13":0,"14":0,"15":0,"16":0},"f":{"0":1,"1":1,"2":1,"3":2,"4":1,"5":0,"6":0},"b":{"0":[2,1],"1":[2,1],"2":[2,2]},"_coverageSchema":"1a1c01bbd47fc00a2c39e90264f33305004495a9","hash":"be4ddaca03ff317f70c6d1959a61ff2b2a11f2ef"}
,"C:\\University\\books_front_react\\src\\services\\cartService.js": {"path":"C:\\University\\books_front_react\\src\\services\\cartService.js","statementMap":{"0":{"start":{"line":3,"column":20},"end":{"line":25,"column":1}},"1":{"start":{"line":5,"column":25},"end":{"line":5,"column":65}},"2":{"start":{"line":6,"column":8},"end":{"line":6,"column":29}},"3":{"start":{"line":10,"column":25},"end":{"line":10,"column":88}},"4":{"start":{"line":11,"column":8},"end":{"line":11,"column":29}},"5":{"start":{"line":15,"column":25},"end":{"line":17,"column":10}},"6":{"start":{"line":18,"column":8},"end":{"line":18,"column":29}},"7":{"start":{"line":22,"column":25},"end":{"line":22,"column":64}},"8":{"start":{"line":23,"column":8},"end":{"line":23,"column":29}}},"fnMap":{"0":{"name":"(anonymous_0)","decl":{"start":{"line":4,"column":13},"end":{"line":4,"column":14}},"loc":{"start":{"line":4,"column":31},"end":{"line":7,"column":5}},"line":4},"1":{"name":"(anonymous_1)","decl":{"start":{"line":9,"column":15},"end":{"line":9,"column":16}},"loc":{"start":{"line":9,"column":41},"end":{"line":12,"column":5}},"line":9},"2":{"name":"(anonymous_2)","decl":{"start":{"line":14,"column":20},"end":{"line":14,"column":21}},"loc":{"start":{"line":14,"column":50},"end":{"line":19,"column":5}},"line":14},"3":{"name":"(anonymous_3)","decl":{"start":{"line":21,"column":20},"end":{"line":21,"column":21}},"loc":{"start":{"line":21,"column":42},"end":{"line":24,"column":5}},"line":21}},"branchMap":{},"s":{"0":6,"1":1,"2":1,"3":1,"4":1,"5":1,"6":1,"7":1,"8":1},"f":{"0":1,"1":1,"2":1,"3":1},"b":{},"_coverageSchema":"1a1c01bbd47fc00a2c39e90264f33305004495a9","hash":"11127dfee3152962d36f690ed1bb06f7847505b0"}
,"C:\\University\\books_front_react\\src\\services\\userService.js": {"path":"C:\\University\\books_front_react\\src\\services\\userService.js","statementMap":{"0":{"start":{"line":3,"column":20},"end":{"line":23,"column":1}},"1":{"start":{"line":5,"column":25},"end":{"line":5,"column":48}},"2":{"start":{"line":6,"column":8},"end":{"line":6,"column":29}},"3":{"start":{"line":10,"column":25},"end":{"line":10,"column":54}},"4":{"start":{"line":11,"column":8},"end":{"line":11,"column":29}},"5":{"start":{"line":15,"column":25},"end":{"line":15,"column":62}},"6":{"start":{"line":16,"column":8},"end":{"line":16,"column":29}},"7":{"start":{"line":20,"column":25},"end":{"line":20,"column":57}},"8":{"start":{"line":21,"column":8},"end":{"line":21,"column":29}}},"fnMap":{"0":{"name":"(anonymous_0)","decl":{"start":{"line":4,"column":17},"end":{"line":4,"column":18}},"loc":{"start":{"line":4,"column":29},"end":{"line":7,"column":5}},"line":4},"1":{"name":"(anonymous_1)","decl":{"start":{"line":9,"column":17},"end":{"line":9,"column":18}},"loc":{"start":{"line":9,"column":31},"end":{"line":12,"column":5}},"line":9},"2":{"name":"(anonymous_2)","decl":{"start":{"line":14,"column":16},"end":{"line":14,"column":17}},"loc":{"start":{"line":14,"column":36},"end":{"line":17,"column":5}},"line":14},"3":{"name":"(anonymous_3)","decl":{"start":{"line":19,"column":16},"end":{"line":19,"column":17}},"loc":{"start":{"line":19,"column":30},"end":{"line":22,"column":5}},"line":19}},"branchMap":{},"s":{"0":3,"1":1,"2":1,"3":1,"4":1,"5":1,"6":1,"7":1,"8":1},"f":{"0":1,"1":1,"2":1,"3":1},"b":{},"_coverageSchema":"1a1c01bbd47fc00a2c39e90264f33305004495a9","hash":"538546eb10c8cfe44205bb2b39ecdfd0813375b9"}
,"C:\\University\\books_front_react\\src\\utils\\notifications.js": {"path":"C:\\University\\books_front_react\\src\\utils\\notifications.js","statementMap":{"0":{"start":{"line":1,"column":25},"end":{"line":19,"column":1}},"1":{"start":{"line":2,"column":20},"end":{"line":2,"column":69}},"2":{"start":{"line":3,"column":4},"end":{"line":7,"column":5}},"3":{"start":{"line":4,"column":8},"end":{"line":4,"column":50}},"4":{"start":{"line":5,"column":8},"end":{"line":5,"column":48}},"5":{"start":{"line":6,"column":8},"end":{"line":6,"column":45}},"6":{"start":{"line":9,"column":25},"end":{"line":9,"column":54}},"7":{"start":{"line":10,"column":4},"end":{"line":10,"column":52}},"8":{"start":{"line":11,"column":4},"end":{"line":11,"column":37}},"9":{"start":{"line":13,"column":4},"end":{"line":13,"column":40}},"10":{"start":{"line":15,"column":4},"end":{"line":18,"column":13}},"11":{"start":{"line":16,"column":8},"end":{"line":16,"column":47}},"12":{"start":{"line":17,"column":8},"end":{"line":17,"column":53}},"13":{"start":{"line":17,"column":25},"end":{"line":17,"column":46}},"14":{"start":{"line":21,"column":27},"end":{"line":21,"column":76}},"15":{"start":{"line":21,"column":40},"end":{"line":21,"column":76}},"16":{"start":{"line":22,"column":25},"end":{"line":22,"column":72}},"17":{"start":{"line":22,"column":38},"end":{"line":22,"column":72}}},"fnMap":{"0":{"name":"(anonymous_0)","decl":{"start":{"line":1,"column":25},"end":{"line":1,"column":26}},"loc":{"start":{"line":1,"column":53},"end":{"line":19,"column":1}},"line":1},"1":{"name":"(anonymous_1)","decl":{"start":{"line":15,"column":15},"end":{"line":15,"column":16}},"loc":{"start":{"line":15,"column":21},"end":{"line":18,"column":5}},"line":15},"2":{"name":"(anonymous_2)","decl":{"start":{"line":17,"column":19},"end":{"line":17,"column":20}},"loc":{"start":{"line":17,"column":25},"end":{"line":17,"column":46}},"line":17},"3":{"name":"(anonymous_3)","decl":{"start":{"line":21,"column":27},"end":{"line":21,"column":28}},"loc":{"start":{"line":21,"column":40},"end":{"line":21,"column":76}},"line":21},"4":{"name":"(anonymous_4)","decl":{"start":{"line":22,"column":25},"end":{"line":22,"column":26}},"loc":{"start":{"line":22,"column":38},"end":{"line":22,"column":72}},"line":22}},"branchMap":{"0":{"loc":{"start":{"line":1,"column":35},"end":{"line":1,"column":48}},"type":"default-arg","locations":[{"start":{"line":1,"column":42},"end":{"line":1,"column":48}}],"line":1},"1":{"loc":{"start":{"line":3,"column":4},"end":{"line":7,"column":5}},"type":"if","locations":[{"start":{"line":3,"column":4},"end":{"line":7,"column":5}},{"start":{},"end":{}}],"line":3}},"s":{"0":12,"1":6,"2":6,"3":4,"4":4,"5":4,"6":6,"7":6,"8":6,"9":6,"10":6,"11":1,"12":1,"13":1,"14":12,"15":1,"16":12,"17":1},"f":{"0":6,"1":1,"2":1,"3":1,"4":1},"b":{"0":[3],"1":[4,2]},"_coverageSchema":"1a1c01bbd47fc00a2c39e90264f33305004495a9","hash":"84e1dbfe498263b939614aab01e9d33d3e8782d7"}
}
