TN:
SF:src\App.jsx
FN:21,App
FN:25,(anonymous_1)
FNF:2
FNH:1
FNDA:1,App
FNDA:0,(anonymous_1)
DA:22,1
DA:23,1
DA:25,1
DA:26,0
DA:29,1
DA:30,1
DA:32,1
LF:7
LH:6
BRDA:29,0,0,1
BRDA:29,0,1,0
BRDA:36,1,0,0
BRDA:36,1,1,1
BRDA:45,2,0,0
BRDA:45,2,1,1
BRDA:51,3,0,0
BRDA:51,3,1,1
BRDA:51,4,0,1
BRDA:51,4,1,0
BRDA:57,5,0,0
BRDA:57,5,1,1
BRDA:63,6,0,0
BRDA:63,6,1,1
BRDA:69,7,0,0
BRDA:69,7,1,1
BRDA:75,8,0,0
BRDA:75,8,1,1
BRF:18
BRH:9
end_of_record
TN:
SF:src\components\BookCard.jsx
FN:8,BookCard
FN:11,(anonymous_1)
FNF:2
FNH:2
FNDA:22,BookCard
FNDA:3,(anonymous_1)
DA:9,22
DA:11,22
DA:12,3
DA:13,3
DA:15,3
DA:16,1
DA:17,1
DA:20,2
DA:21,2
DA:22,1
DA:24,1
DA:28,22
DA:54,4
LF:13
LH:13
BRDA:15,0,0,1
BRDA:15,0,1,2
BRF:2
BRH:2
end_of_record
TN:
SF:src\components\Header.jsx
FN:6,Header
FN:15,(anonymous_1)
FN:23,(anonymous_2)
FN:53,(anonymous_3)
FNF:4
FNH:4
FNDA:14,Header
FNDA:6,(anonymous_1)
FNDA:2,(anonymous_2)
FNDA:3,(anonymous_3)
DA:7,14
DA:8,14
DA:10,14
DA:11,14
DA:12,14
DA:13,14
DA:15,14
DA:16,6
DA:17,6
DA:18,6
DA:19,6
DA:23,14
DA:24,2
DA:25,2
DA:26,2
DA:27,2
DA:31,14
DA:53,3
DA:109,1
LF:19
LH:19
BRDA:12,0,0,14
BRDA:12,0,1,2
BRDA:13,1,0,2
BRDA:13,1,1,12
BRDA:18,2,0,6
BRDA:18,2,1,0
BRDA:26,3,0,2
BRDA:26,3,1,0
BRDA:41,4,0,14
BRDA:41,4,1,7
BRDA:79,5,0,14
BRDA:79,5,1,1
BRDA:84,6,0,14
BRDA:84,6,1,1
BRF:14
BRH:12
end_of_record
TN:
SF:src\pages\AddBookPage.jsx
FN:6,AddBookPage
FN:21,(anonymous_1)
FN:25,(anonymous_2)
FN:31,(anonymous_3)
FNF:4
FNH:4
FNDA:9,AddBookPage
FNDA:6,(anonymous_1)
FNDA:6,(anonymous_2)
FNDA:2,(anonymous_3)
DA:7,9
DA:9,9
DA:21,9
DA:24,6
DA:25,6
DA:31,9
DA:32,2
DA:33,2
DA:34,2
DA:35,1
DA:36,1
DA:38,1
DA:42,9
LF:13
LH:13
BRDA:27,0,0,0
BRDA:27,0,1,6
BRF:2
BRH:1
end_of_record
TN:
SF:src\pages\BookDetailPage.jsx
FN:9,BookDetailPage
FN:15,(anonymous_1)
FN:29,(anonymous_2)
FN:33,(anonymous_3)
FN:127,(anonymous_4)
FNF:5
FNH:5
FNDA:13,BookDetailPage
FNDA:7,(anonymous_1)
FNDA:7,(anonymous_2)
FNDA:3,(anonymous_3)
FNDA:1,(anonymous_4)
DA:10,13
DA:11,13
DA:12,13
DA:13,13
DA:15,13
DA:16,7
DA:17,7
DA:18,7
DA:19,5
DA:20,5
DA:21,5
DA:23,1
DA:25,6
DA:29,13
DA:30,7
DA:33,13
DA:34,3
DA:36,3
DA:37,1
DA:38,1
DA:41,2
DA:42,2
DA:43,1
DA:45,1
DA:49,13
DA:50,7
DA:59,6
DA:61,4
DA:128,1
LF:29
LH:29
BRDA:36,0,0,1
BRDA:36,0,1,2
BRDA:49,1,0,7
BRDA:49,1,1,6
BRDA:59,2,0,2
BRDA:59,2,1,4
BRDA:96,3,0,4
BRDA:96,3,1,0
BRDA:100,4,0,4
BRDA:100,4,1,0
BRDA:104,5,0,4
BRDA:104,5,1,0
BRDA:126,6,0,1
BRDA:126,6,1,3
BRF:14
BRH:11
end_of_record
TN:
SF:src\pages\CartPage.jsx
FN:7,CartPage
FN:12,(anonymous_1)
FN:27,(anonymous_2)
FN:31,(anonymous_3)
FN:41,(anonymous_4)
FN:51,(anonymous_5)
FN:109,(anonymous_6)
FN:129,(anonymous_7)
FN:138,(anonymous_8)
FN:154,(anonymous_9)
FN:178,(anonymous_10)
FNF:11
FNH:11
FNDA:17,CartPage
FNDA:10,(anonymous_1)
FNDA:8,(anonymous_2)
FNDA:2,(anonymous_3)
FNDA:1,(anonymous_4)
FNDA:7,(anonymous_5)
FNDA:7,(anonymous_6)
FNDA:1,(anonymous_7)
FNDA:1,(anonymous_8)
FNDA:1,(anonymous_9)
FNDA:1,(anonymous_10)
DA:8,17
DA:9,17
DA:10,17
DA:12,17
DA:13,10
DA:14,0
DA:15,0
DA:17,10
DA:18,10
DA:19,8
DA:21,1
DA:23,9
DA:27,17
DA:28,8
DA:31,17
DA:32,2
DA:33,2
DA:34,1
DA:36,1
DA:37,1
DA:41,17
DA:42,1
DA:43,1
DA:44,1
DA:45,1
DA:47,0
DA:51,17
DA:53,17
DA:54,8
DA:61,9
DA:110,7
DA:129,1
DA:138,1
DA:154,1
DA:178,1
LF:35
LH:32
BRDA:13,0,0,0
BRDA:13,0,1,10
BRDA:36,1,0,1
BRDA:36,1,1,0
BRDA:53,2,0,8
BRDA:53,2,1,9
BRDA:72,3,0,2
BRDA:72,3,1,7
BRF:8
BRH:6
end_of_record
TN:
SF:src\pages\EditUserPage.jsx
FN:6,EditUserPage
FN:14,(anonymous_1)
FN:27,(anonymous_2)
FN:31,(anonymous_3)
FN:42,(anonymous_4)
FN:77,(anonymous_5)
FN:95,(anonymous_6)
FNF:7
FNH:7
FNDA:12,EditUserPage
FNDA:6,(anonymous_1)
FNDA:6,(anonymous_2)
FNDA:2,(anonymous_3)
FNDA:2,(anonymous_4)
FNDA:1,(anonymous_5)
FNDA:2,(anonymous_6)
DA:7,12
DA:8,12
DA:9,12
DA:10,12
DA:11,12
DA:12,12
DA:14,12
DA:15,6
DA:16,6
DA:17,5
DA:18,5
DA:19,5
DA:21,1
DA:23,6
DA:27,12
DA:28,6
DA:31,12
DA:32,2
DA:33,2
DA:34,2
DA:35,1
DA:36,1
DA:38,1
DA:42,12
DA:43,2
DA:44,2
DA:45,1
DA:46,1
DA:48,1
DA:52,12
DA:77,1
DA:95,2
LF:32
LH:32
BRDA:91,0,0,10
BRDA:91,0,1,2
BRF:2
BRH:2
end_of_record
TN:
SF:src\pages\HomePage.jsx
FN:7,HomePage
FN:12,(anonymous_1)
FN:24,(anonymous_2)
FN:29,(anonymous_3)
FN:34,(anonymous_4)
FN:53,(anonymous_5)
FN:64,(anonymous_6)
FNF:7
FNH:7
FNDA:12,HomePage
FNDA:4,(anonymous_1)
FNDA:4,(anonymous_2)
FNDA:21,(anonymous_3)
FNDA:13,(anonymous_4)
FNDA:3,(anonymous_5)
FNDA:17,(anonymous_6)
DA:8,12
DA:9,12
DA:10,12
DA:12,12
DA:13,4
DA:14,4
DA:15,4
DA:16,3
DA:18,1
DA:20,4
DA:24,12
DA:25,4
DA:28,12
DA:30,21
DA:31,21
DA:35,13
DA:36,9
DA:37,6
DA:40,12
DA:53,3
DA:65,17
DA:74,1
LF:22
LH:22
BRDA:30,0,0,21
BRDA:30,0,1,15
BRDA:31,1,0,21
BRDA:31,1,1,5
BRDA:35,2,0,4
BRDA:35,2,1,9
BRDA:36,3,0,3
BRDA:36,3,1,6
BRDA:69,4,0,12
BRDA:69,4,1,4
BRF:10
BRH:10
end_of_record
TN:
SF:src\pages\LoginPage.jsx
FN:7,LoginPage
FN:12,(anonymous_1)
FN:48,(anonymous_2)
FN:61,(anonymous_3)
FNF:4
FNH:4
FNDA:11,LoginPage
FNDA:3,(anonymous_1)
FNDA:3,(anonymous_2)
FNDA:3,(anonymous_3)
DA:8,11
DA:9,11
DA:10,11
DA:12,11
DA:13,3
DA:15,3
DA:16,3
DA:21,2
DA:22,1
DA:23,1
DA:25,1
DA:27,1
DA:28,1
DA:31,1
DA:35,11
DA:48,3
DA:61,3
DA:81,2
LF:18
LH:18
BRDA:21,0,0,1
BRDA:21,0,1,1
BRDA:25,1,0,1
BRDA:25,1,1,0
BRF:4
BRH:3
end_of_record
TN:
SF:src\pages\ProfilePage.jsx
FN:6,ProfilePage
FN:16,(anonymous_1)
FN:27,(anonymous_2)
FN:28,(anonymous_3)
FN:32,(anonymous_4)
FN:55,(anonymous_5)
FN:81,(anonymous_6)
FN:92,(anonymous_7)
FN:96,(anonymous_8)
FN:125,(anonymous_9)
FN:136,(anonymous_10)
FN:140,(anonymous_11)
FNF:12
FNH:8
FNDA:12,ProfilePage
FNDA:4,(anonymous_1)
FNDA:2,(anonymous_2)
FNDA:2,(anonymous_3)
FNDA:2,(anonymous_4)
FNDA:1,(anonymous_5)
FNDA:1,(anonymous_6)
FNDA:2,(anonymous_7)
FNDA:0,(anonymous_8)
FNDA:0,(anonymous_9)
FNDA:0,(anonymous_10)
FNDA:0,(anonymous_11)
DA:7,12
DA:8,12
DA:13,12
DA:14,12
DA:16,12
DA:17,4
DA:18,4
DA:27,12
DA:28,2
DA:29,2
DA:32,12
DA:33,2
DA:34,2
DA:35,2
DA:40,1
DA:41,1
DA:43,1
DA:44,1
DA:45,1
DA:47,1
DA:48,0
DA:51,1
DA:55,12
DA:56,1
DA:59,12
DA:81,1
DA:92,2
DA:96,0
DA:125,0
DA:136,0
DA:140,0
LF:31
LH:26
BRDA:17,0,0,4
BRDA:17,0,1,0
BRDA:19,1,0,4
BRDA:19,1,1,0
BRDA:20,2,0,4
BRDA:20,2,1,0
BRDA:21,3,0,4
BRDA:21,3,1,0
BRDA:47,4,0,0
BRDA:47,4,1,1
BRDA:86,5,0,3
BRDA:86,5,1,9
BRDA:89,6,0,12
BRDA:89,6,1,9
BRDA:96,7,0,0
BRDA:96,7,1,0
BRDA:130,8,0,0
BRDA:130,8,1,12
BRDA:133,9,0,12
BRDA:133,9,1,12
BRDA:140,10,0,0
BRDA:140,10,1,0
BRDA:177,11,0,12
BRDA:177,11,1,3
BRF:24
BRH:14
end_of_record
TN:
SF:src\pages\RegisterPage.jsx
FN:7,RegisterPage
FN:17,(anonymous_1)
FN:60,(anonymous_2)
FN:75,(anonymous_3)
FN:90,(anonymous_4)
FN:105,(anonymous_5)
FN:120,(anonymous_6)
FNF:7
FNH:7
FNDA:26,RegisterPage
FNDA:4,(anonymous_1)
FNDA:4,(anonymous_2)
FNDA:4,(anonymous_3)
FNDA:4,(anonymous_4)
FNDA:4,(anonymous_5)
FNDA:4,(anonymous_6)
DA:8,26
DA:9,26
DA:17,26
DA:18,4
DA:20,4
DA:21,1
DA:22,1
DA:25,3
DA:26,3
DA:33,2
DA:34,1
DA:35,1
DA:37,1
DA:39,1
DA:40,1
DA:43,1
DA:47,26
DA:60,4
DA:75,4
DA:90,4
DA:105,4
DA:120,4
DA:141,2
LF:23
LH:23
BRDA:20,0,0,1
BRDA:20,0,1,3
BRDA:33,1,0,1
BRDA:33,1,1,1
BRDA:37,2,0,1
BRDA:37,2,1,0
BRF:6
BRH:5
end_of_record
TN:
SF:src\pages\UsersPage.jsx
FN:6,UsersPage
FN:10,(anonymous_1)
FN:22,(anonymous_2)
FN:34,(anonymous_3)
FNF:4
FNH:4
FNDA:10,UsersPage
FNDA:5,(anonymous_1)
FNDA:5,(anonymous_2)
FNDA:4,(anonymous_3)
DA:7,10
DA:8,10
DA:10,10
DA:11,5
DA:12,5
DA:13,5
DA:14,4
DA:16,1
DA:18,5
DA:22,10
DA:23,5
DA:26,10
DA:35,4
LF:13
LH:13
BRDA:14,0,0,3
BRDA:14,0,1,1
BRDA:14,1,0,1
BRDA:14,1,1,0
BRDA:37,2,0,3
BRDA:37,2,1,1
BRDA:52,3,0,3
BRDA:52,3,1,1
BRDA:63,4,0,10
BRDA:63,4,1,5
BRDA:65,5,0,10
BRDA:65,5,1,5
BRDA:65,5,2,2
BRF:13
BRH:12
end_of_record
TN:
SF:src\services\api.js
FN:13,(anonymous_0)
FN:14,(anonymous_1)
FNF:2
FNH:2
FNDA:1,(anonymous_0)
FNDA:1,(anonymous_1)
DA:3,22
DA:5,22
DA:12,22
DA:13,1
DA:14,1
LF:5
LH:5
BRF:0
BRH:0
end_of_record
TN:
SF:src\services\authService.js
FN:4,(anonymous_0)
FN:8,(anonymous_1)
FN:20,(anonymous_2)
FN:25,(anonymous_3)
FNF:4
FNH:4
FNDA:1,(anonymous_0)
FNDA:2,(anonymous_1)
FNDA:19,(anonymous_2)
FNDA:1,(anonymous_3)
DA:3,8
DA:5,1
DA:9,2
DA:11,2
DA:12,1
DA:17,2
DA:21,19
DA:22,19
DA:26,1
DA:27,1
LF:10
LH:10
BRDA:11,0,0,1
BRDA:11,0,1,1
BRDA:22,1,0,1
BRDA:22,1,1,18
BRF:4
BRH:4
end_of_record
TN:
SF:src\services\bookService.js
FN:4,(anonymous_0)
FN:9,(anonymous_1)
FN:14,(anonymous_2)
FN:19,(anonymous_3)
FN:37,(anonymous_4)
FNF:5
FNH:5
FNDA:1,(anonymous_0)
FNDA:1,(anonymous_1)
FNDA:1,(anonymous_2)
FNDA:2,(anonymous_3)
FNDA:1,(anonymous_4)
DA:3,5
DA:5,1
DA:6,1
DA:10,1
DA:11,1
DA:15,1
DA:16,1
DA:20,2
DA:26,2
DA:28,2
DA:34,2
DA:38,1
DA:39,1
LF:13
LH:13
BRDA:22,0,0,2
BRDA:22,0,1,1
BRDA:23,1,0,2
BRDA:23,1,1,1
BRF:4
BRH:4
end_of_record
TN:
SF:src\services\cartService.js
FN:4,(anonymous_0)
FN:9,(anonymous_1)
FN:14,(anonymous_2)
FN:21,(anonymous_3)
FNF:4
FNH:4
FNDA:1,(anonymous_0)
FNDA:1,(anonymous_1)
FNDA:1,(anonymous_2)
FNDA:1,(anonymous_3)
DA:3,6
DA:5,1
DA:6,1
DA:10,1
DA:11,1
DA:15,1
DA:18,1
DA:22,1
DA:23,1
LF:9
LH:9
BRF:0
BRH:0
end_of_record
TN:
SF:src\services\userService.js
FN:4,(anonymous_0)
FN:9,(anonymous_1)
FN:14,(anonymous_2)
FN:19,(anonymous_3)
FNF:4
FNH:4
FNDA:1,(anonymous_0)
FNDA:1,(anonymous_1)
FNDA:1,(anonymous_2)
FNDA:1,(anonymous_3)
DA:3,3
DA:5,1
DA:6,1
DA:10,1
DA:11,1
DA:15,1
DA:16,1
DA:20,1
DA:21,1
LF:9
LH:9
BRF:0
BRH:0
end_of_record
TN:
SF:src\utils\notifications.js
FN:1,(anonymous_0)
FN:15,(anonymous_1)
FN:17,(anonymous_2)
FN:21,(anonymous_3)
FN:22,(anonymous_4)
FNF:5
FNH:5
FNDA:6,(anonymous_0)
FNDA:1,(anonymous_1)
FNDA:1,(anonymous_2)
FNDA:1,(anonymous_3)
FNDA:1,(anonymous_4)
DA:1,12
DA:2,6
DA:3,6
DA:4,4
DA:5,4
DA:6,4
DA:9,6
DA:10,6
DA:11,6
DA:13,6
DA:15,6
DA:16,1
DA:17,1
DA:21,12
DA:22,12
LF:15
LH:15
BRDA:1,0,0,3
BRDA:3,1,0,4
BRDA:3,1,1,2
BRF:3
BRH:3
end_of_record
